INFO:root:----------EigenVector--------
INFO:root:[ 0.6883  0.5172  0.1857  0.1857  0.1739  0.1739  0.171   0.171   0.1646
  0.1646  0.1576  0.1545  0.1545  0.1499  0.1499  0.137   0.137   0.1346
  0.1346  0.1141  0.1003  0.1003  0.0996  0.0968  0.0968  0.0938  0.0938
  0.0884  0.0884  0.0873  0.0873  0.0822  0.0822  0.0785  0.0785  0.0781
  0.0781  0.0698  0.0698  0.0693  0.0693  0.0677  0.0677  0.0671  0.0671
  0.0659  0.0659  0.0655  0.0655  0.0649  0.0649  0.0644  0.0644  0.0641
  0.0641  0.0625  0.0625  0.0613  0.0613  0.0612  0.0612  0.061   0.061
  0.0608  0.0608  0.0595  0.0595  0.0585  0.0585  0.0564  0.0564  0.0559
  0.0559  0.0558  0.0558  0.0555  0.0555  0.0548  0.0548  0.0546  0.0546
  0.0544  0.0544  0.0538  0.0538  0.0538  0.0538  0.0532  0.0532  0.053
  0.053   0.0525  0.0525  0.0524  0.0524  0.0523  0.0523  0.0523  0.0523
  0.0522  0.0522  0.0521  0.0521  0.0521  0.0521  0.0512  0.0512  0.0511
  0.0511  0.051   0.051   0.0505  0.0505  0.0503  0.0503  0.0502  0.0502
  0.05    0.05    0.0498  0.0498  0.0497  0.0497  0.0491  0.0491  0.0491
  0.0491  0.0485  0.0485  0.0484  0.0484  0.0481  0.0481  0.0479  0.0479
  0.0479  0.0479  0.0477  0.0477  0.0474  0.0474  0.0474  0.0474  0.0469
  0.0469  0.0467  0.0467  0.0465  0.0465  0.0464  0.0464  0.0462  0.0462
  0.0461  0.0461  0.046   0.046   0.0459  0.0459  0.0458  0.0458  0.0449
  0.0449  0.0447  0.0447  0.0445  0.0445  0.0441  0.0441  0.0438  0.0438
  0.0435  0.0435  0.0431  0.0431  0.0428  0.0428  0.0428  0.0428  0.0425
  0.0425  0.0424  0.0424  0.0422  0.0422  0.0422  0.0422  0.0421  0.0421
  0.0415  0.0415  0.0414  0.0414  0.0414  0.0414  0.0412  0.0412  0.0409
  0.0409  0.0409  0.0409  0.0409  0.0409  0.0408  0.0408  0.0408  0.0408
  0.04    0.04    0.04    0.04    0.0399  0.0399  0.0398  0.0398  0.0397
  0.0397  0.0397  0.0397  0.0395  0.0394  0.0394  0.0389  0.0389  0.0389
  0.0389  0.0387  0.0387  0.0386  0.0386  0.0385  0.0385  0.0385  0.0385
  0.0385  0.0385  0.0384  0.0384  0.0383  0.0383  0.0381  0.0381  0.0379
  0.0379  0.0379  0.0379  0.0378  0.0378  0.0378  0.0378  0.0378  0.0377
  0.0377  0.0376  0.0376  0.0375  0.0375  0.0375  0.0375  0.0374  0.0374
  0.0372  0.0372  0.0372  0.0372  0.0372  0.0371  0.0371  0.037   0.037
  0.037   0.037   0.037   0.037   0.0369  0.0369  0.0368  0.0368  0.0368
  0.0368  0.0368  0.0368  0.0367  0.0367  0.0367  0.0367  0.0366  0.0366
  0.0365  0.0365  0.0364  0.0364  0.0364  0.0364  0.0364  0.0364  0.0363
  0.0363  0.0363  0.0363  0.0362  0.0362  0.0361  0.0361  0.0359  0.0359
  0.0357  0.0357  0.0356  0.0356  0.0356  0.0356  0.0356  0.0355  0.0355
  0.0355  0.0355  0.0355  0.0355  0.0355  0.0355  0.0355  0.0354  0.0354
  0.0354  0.0353  0.0353  0.0351  0.0351  0.0351  0.0351  0.0351  0.0351
  0.0351  0.0351  0.0351  0.0351  0.035   0.035   0.0349  0.0349  0.0348
  0.0348  0.0347  0.0347  0.0346  0.0346  0.0344  0.0344  0.0344  0.0344
  0.0344  0.0344  0.0343  0.0343  0.0342  0.0342  0.0341  0.0341  0.0341
  0.0341  0.034   0.034   0.0339  0.0339  0.0339  0.0339  0.0338  0.0338
  0.0338  0.0338  0.0338  0.0338  0.0337  0.0337  0.0336  0.0336  0.0336
  0.0336  0.0334  0.0334  0.0334  0.0334  0.0333  0.0333  0.0332  0.0332
  0.0331  0.0331  0.0331  0.0331  0.033   0.033   0.0329  0.0329  0.0329
  0.0329  0.0327  0.0327  0.0327  0.0327  0.0327  0.0327  0.0327  0.0327
  0.0327  0.0327  0.0326  0.0326  0.0325  0.0325  0.0325  0.0325  0.0325
  0.0325  0.0325  0.0325  0.0324  0.0324  0.0324  0.0323  0.0323  0.0323
  0.0323  0.0323  0.0323  0.0322  0.0322  0.0322  0.0322  0.0322  0.0322
  0.0321  0.0321  0.0321  0.0321  0.0319  0.0319  0.0319  0.0319  0.0319
  0.0319  0.0318  0.0318  0.0317  0.0317  0.0316  0.0316  0.0316  0.0316
  0.0316  0.0316  0.0315  0.0315  0.0315  0.0314  0.0314  0.0313  0.0313
  0.0313  0.0313  0.0313  0.0312  0.0312  0.0312  0.0312  0.0311  0.0311
  0.0311  0.0311  0.0311  0.0311  0.0311  0.0311  0.031   0.031   0.031
  0.031   0.031   0.0309  0.0309  0.0309  0.0309  0.0308  0.0308  0.0308
  0.0308  0.0308  0.0307  0.0307  0.0306  0.0306  0.0306  0.0306  0.0305
  0.0302  0.0302  0.0301  0.0301  0.0301 ...,  0.      0.      0.      0.
  0.      0.      0.      0.      0.      0.      0.      0.      0.      0.
  0.      0.      0.      0.      0.      0.      0.      0.      0.      0.
  0.      0.      0.      0.      0.      0.      0.      0.      0.      0.
  0.      0.      0.      0.      0.      0.      0.      0.      0.      0.
  0.      0.      0.      0.      0.      0.      0.      0.      0.      0.
  0.      0.      0.      0.      0.      0.      0.      0.      0.      0.
  0.      0.      0.      0.      0.      0.      0.      0.      0.      0.
  0.      0.      0.      0.      0.      0.      0.      0.      0.      0.
  0.      0.      0.      0.      0.      0.      0.      0.      0.      0.
  0.      0.      0.      0.      0.      0.      0.      0.      0.      0.
  0.      0.      0.      0.      0.      0.      0.      0.      0.      0.
  0.      0.      0.      0.      0.      0.      0.      0.      0.      0.
  0.      0.      0.      0.      0.      0.      0.      0.      0.      0.
  0.      0.      0.      0.      0.      0.      0.      0.      0.      0.
  0.      0.      0.      0.      0.      0.      0.      0.      0.      0.
  0.      0.      0.      0.      0.      0.      0.      0.      0.      0.
  0.      0.      0.      0.      0.      0.      0.      0.      0.      0.
  0.      0.      0.      0.      0.      0.      0.      0.      0.      0.
  0.      0.      0.      0.      0.      0.      0.      0.      0.      0.
  0.      0.      0.      0.      0.      0.      0.      0.      0.      0.
  0.      0.      0.      0.      0.      0.      0.      0.      0.      0.
  0.      0.      0.      0.      0.      0.      0.      0.      0.      0.
  0.      0.      0.      0.      0.      0.      0.      0.      0.      0.
  0.      0.      0.      0.      0.      0.      0.      0.      0.      0.
  0.      0.      0.      0.      0.      0.      0.      0.      0.      0.
  0.      0.      0.      0.      0.      0.      0.      0.      0.      0.
  0.      0.      0.      0.      0.      0.      0.      0.      0.      0.
  0.      0.      0.      0.      0.      0.      0.      0.      0.      0.
  0.      0.      0.      0.      0.      0.      0.      0.      0.      0.
  0.      0.      0.      0.      0.      0.      0.      0.      0.      0.
  0.      0.      0.      0.      0.      0.      0.      0.      0.      0.
  0.      0.      0.      0.      0.      0.      0.      0.      0.      0.
  0.      0.      0.      0.      0.      0.      0.      0.      0.      0.
  0.      0.      0.      0.      0.      0.      0.      0.      0.      0.
  0.      0.      0.      0.      0.      0.      0.      0.      0.      0.
  0.      0.      0.      0.      0.      0.      0.      0.      0.      0.
  0.      0.      0.      0.      0.      0.      0.      0.      0.      0.
  0.      0.      0.      0.      0.      0.      0.      0.      0.      0.
  0.      0.      0.      0.      0.      0.      0.      0.      0.      0.
  0.      0.      0.      0.      0.      0.      0.      0.      0.      0.
  0.      0.      0.      0.      0.      0.      0.      0.      0.      0.
  0.      0.      0.      0.      0.      0.      0.      0.      0.      0.
  0.      0.      0.      0.      0.      0.      0.      0.      0.      0.
  0.      0.      0.      0.      0.      0.      0.      0.      0.      0.
  0.      0.      0.      0.      0.      0.      0.      0.      0.      0.
  0.      0.      0.      0.      0.      0.      0.      0.      0.      0.
  0.      0.      0.      0.      0.      0.      0.      0.      0.      0.
  0.      0.      0.      0.      0.      0.      0.      0.      0.      0.
  0.      0.      0.      0.      0.      0.      0.      0.      0.      0.
  0.      0.      0.      0.      0.      0.    ]
INFO:root:Hlc N94

INFO:root:Hrb27C N105

INFO:root:Gnf1 N75

INFO:root:Hrb87F N15

INFO:root:Hsp83 N107

INFO:root:MBD-R2 N142

INFO:root:MED7 N4

INFO:root:Ef1alpha48D N140

INFO:root:Nc73EF N48

INFO:root:Nup160 N2

INFO:root:Nopp140 N68

INFO:root:Parp N236

INFO:root:Pdk1 N222

INFO:root:Mcm6 N44

INFO:root:Pten N256

INFO:root:RpL13 N143

INFO:root:Prp8 N32

INFO:root:Dsor1 N210

INFO:root:Droj2 N181

INFO:root:Nup98-96 N50

INFO:root:RpL14 N14

INFO:root:Ref1 N83

INFO:root:RpS13 N82

INFO:root:RpL7A N99

INFO:root:RpL5 N66

INFO:root:CkIIbeta N77

INFO:root:Rrp6 N49

INFO:root:Tsc1 N37

INFO:root:Tcp-1eta N31

INFO:root:RpS11 N88

INFO:root:beta'COP N62

INFO:root:RpL18A N35

INFO:root:T-cp1 N52

INFO:root:RpS6 N72

INFO:root:Rpd3 N242

INFO:root:CG9143 N61

INFO:root:RpS9 N133

INFO:root:Caf1 N73

INFO:root:SmD2 N80

INFO:root:eIF-2alpha N8

INFO:root:Arf102F N124

INFO:root:14-3-3epsilon N132

INFO:root:CG10754 N63

INFO:root:----------EigenVector--------
INFO:root:[ 0.6883  0.5172  0.1857  0.1857  0.1739  0.1739  0.171   0.171   0.1646
  0.1646  0.1576  0.1545  0.1545  0.1499  0.1499  0.137   0.137   0.1346
  0.1346  0.1141  0.1003  0.1003  0.0996  0.0968  0.0968  0.0938  0.0938
  0.0884  0.0884  0.0873  0.0873  0.0822  0.0822  0.0785  0.0785  0.0781
  0.0781  0.0698  0.0698  0.0693  0.0693  0.0677  0.0677  0.0671  0.0671
  0.0659  0.0659  0.0655  0.0655  0.0649  0.0649  0.0644  0.0644  0.0641
  0.0641  0.0625  0.0625  0.0613  0.0613  0.0612  0.0612  0.061   0.061
  0.0608  0.0608  0.0595  0.0595  0.0585  0.0585  0.0564  0.0564  0.0559
  0.0559  0.0558  0.0558  0.0555  0.0555  0.0548  0.0548  0.0546  0.0546
  0.0544  0.0544  0.0538  0.0538  0.0538  0.0538  0.0532  0.0532  0.053
  0.053   0.0525  0.0525  0.0524  0.0524  0.0523  0.0523  0.0523  0.0523
  0.0522  0.0522  0.0521  0.0521  0.0521  0.0521  0.0512  0.0512  0.0511
  0.0511  0.051   0.051   0.0505  0.0505  0.0503  0.0503  0.0502  0.0502
  0.05    0.05    0.0498  0.0498  0.0497  0.0497  0.0491  0.0491  0.0491
  0.0491  0.0485  0.0485  0.0484  0.0484  0.0481  0.0481  0.0479  0.0479
  0.0479  0.0479  0.0477  0.0477  0.0474  0.0474  0.0474  0.0474  0.0469
  0.0469  0.0467  0.0467  0.0465  0.0465  0.0464  0.0464  0.0462  0.0462
  0.0461  0.0461  0.046   0.046   0.0459  0.0459  0.0458  0.0458  0.0449
  0.0449  0.0447  0.0447  0.0445  0.0445  0.0441  0.0441  0.0438  0.0438
  0.0435  0.0435  0.0431  0.0431  0.0428  0.0428  0.0428  0.0428  0.0425
  0.0425  0.0424  0.0424  0.0422  0.0422  0.0422  0.0422  0.0421  0.0421
  0.0415  0.0415  0.0414  0.0414  0.0414  0.0414  0.0412  0.0412  0.0409
  0.0409  0.0409  0.0409  0.0409  0.0409  0.0408  0.0408  0.0408  0.0408
  0.04    0.04    0.04    0.04    0.0399  0.0399  0.0398  0.0398  0.0397
  0.0397  0.0397  0.0397  0.0395  0.0394  0.0394  0.0389  0.0389  0.0389
  0.0389  0.0387  0.0387  0.0386  0.0386  0.0385  0.0385  0.0385  0.0385
  0.0385  0.0385  0.0384  0.0384  0.0383  0.0383  0.0381  0.0381  0.0379
  0.0379  0.0379  0.0379  0.0378  0.0378  0.0378  0.0378  0.0378  0.0377
  0.0377  0.0376  0.0376  0.0375  0.0375  0.0375  0.0375  0.0374  0.0374
  0.0372  0.0372  0.0372  0.0372  0.0372  0.0371  0.0371  0.037   0.037
  0.037   0.037   0.037   0.037   0.0369  0.0369  0.0368  0.0368  0.0368
  0.0368  0.0368  0.0368  0.0367  0.0367  0.0367  0.0367  0.0366  0.0366
  0.0365  0.0365  0.0364  0.0364  0.0364  0.0364  0.0364  0.0364  0.0363
  0.0363  0.0363  0.0363  0.0362  0.0362  0.0361  0.0361  0.0359  0.0359
  0.0357  0.0357  0.0356  0.0356  0.0356  0.0356  0.0356  0.0355  0.0355
  0.0355  0.0355  0.0355  0.0355  0.0355  0.0355  0.0355  0.0354  0.0354
  0.0354  0.0353  0.0353  0.0351  0.0351  0.0351  0.0351  0.0351  0.0351
  0.0351  0.0351  0.0351  0.0351  0.035   0.035   0.0349  0.0349  0.0348
  0.0348  0.0347  0.0347  0.0346  0.0346  0.0344  0.0344  0.0344  0.0344
  0.0344  0.0344  0.0343  0.0343  0.0342  0.0342  0.0341  0.0341  0.0341
  0.0341  0.034   0.034   0.0339  0.0339  0.0339  0.0339  0.0338  0.0338
  0.0338  0.0338  0.0338  0.0338  0.0337  0.0337  0.0336  0.0336  0.0336
  0.0336  0.0334  0.0334  0.0334  0.0334  0.0333  0.0333  0.0332  0.0332
  0.0331  0.0331  0.0331  0.0331  0.033   0.033   0.0329  0.0329  0.0329
  0.0329  0.0327  0.0327  0.0327  0.0327  0.0327  0.0327  0.0327  0.0327
  0.0327  0.0327  0.0326  0.0326  0.0325  0.0325  0.0325  0.0325  0.0325
  0.0325  0.0325  0.0325  0.0324  0.0324  0.0324  0.0323  0.0323  0.0323
  0.0323  0.0323  0.0323  0.0322  0.0322  0.0322  0.0322  0.0322  0.0322
  0.0321  0.0321  0.0321  0.0321  0.0319  0.0319  0.0319  0.0319  0.0319
  0.0319  0.0318  0.0318  0.0317  0.0317  0.0316  0.0316  0.0316  0.0316
  0.0316  0.0316  0.0315  0.0315  0.0315  0.0314  0.0314  0.0313  0.0313
  0.0313  0.0313  0.0313  0.0312  0.0312  0.0312  0.0312  0.0311  0.0311
  0.0311  0.0311  0.0311  0.0311  0.0311  0.0311  0.031   0.031   0.031
  0.031   0.031   0.0309  0.0309  0.0309  0.0309  0.0308  0.0308  0.0308
  0.0308  0.0308  0.0307  0.0307  0.0306  0.0306  0.0306  0.0306  0.0305
  0.0302  0.0302  0.0301  0.0301  0.0301 ...,  0.      0.      0.      0.
  0.      0.      0.      0.      0.      0.      0.      0.      0.      0.
  0.      0.      0.      0.      0.      0.      0.      0.      0.      0.
  0.      0.      0.      0.      0.      0.      0.      0.      0.      0.
  0.      0.      0.      0.      0.      0.      0.      0.      0.      0.
  0.      0.      0.      0.      0.      0.      0.      0.      0.      0.
  0.      0.      0.      0.      0.      0.      0.      0.      0.      0.
  0.      0.      0.      0.      0.      0.      0.      0.      0.      0.
  0.      0.      0.      0.      0.      0.      0.      0.      0.      0.
  0.      0.      0.      0.      0.      0.      0.      0.      0.      0.
  0.      0.      0.      0.      0.      0.      0.      0.      0.      0.
  0.      0.      0.      0.      0.      0.      0.      0.      0.      0.
  0.      0.      0.      0.      0.      0.      0.      0.      0.      0.
  0.      0.      0.      0.      0.      0.      0.      0.      0.      0.
  0.      0.      0.      0.      0.      0.      0.      0.      0.      0.
  0.      0.      0.      0.      0.      0.      0.      0.      0.      0.
  0.      0.      0.      0.      0.      0.      0.      0.      0.      0.
  0.      0.      0.      0.      0.      0.      0.      0.      0.      0.
  0.      0.      0.      0.      0.      0.      0.      0.      0.      0.
  0.      0.      0.      0.      0.      0.      0.      0.      0.      0.
  0.      0.      0.      0.      0.      0.      0.      0.      0.      0.
  0.      0.      0.      0.      0.      0.      0.      0.      0.      0.
  0.      0.      0.      0.      0.      0.      0.      0.      0.      0.
  0.      0.      0.      0.      0.      0.      0.      0.      0.      0.
  0.      0.      0.      0.      0.      0.      0.      0.      0.      0.
  0.      0.      0.      0.      0.      0.      0.      0.      0.      0.
  0.      0.      0.      0.      0.      0.      0.      0.      0.      0.
  0.      0.      0.      0.      0.      0.      0.      0.      0.      0.
  0.      0.      0.      0.      0.      0.      0.      0.      0.      0.
  0.      0.      0.      0.      0.      0.      0.      0.      0.      0.
  0.      0.      0.      0.      0.      0.      0.      0.      0.      0.
  0.      0.      0.      0.      0.      0.      0.      0.      0.      0.
  0.      0.      0.      0.      0.      0.      0.      0.      0.      0.
  0.      0.      0.      0.      0.      0.      0.      0.      0.      0.
  0.      0.      0.      0.      0.      0.      0.      0.      0.      0.
  0.      0.      0.      0.      0.      0.      0.      0.      0.      0.
  0.      0.      0.      0.      0.      0.      0.      0.      0.      0.
  0.      0.      0.      0.      0.      0.      0.      0.      0.      0.
  0.      0.      0.      0.      0.      0.      0.      0.      0.      0.
  0.      0.      0.      0.      0.      0.      0.      0.      0.      0.
  0.      0.      0.      0.      0.      0.      0.      0.      0.      0.
  0.      0.      0.      0.      0.      0.      0.      0.      0.      0.
  0.      0.      0.      0.      0.      0.      0.      0.      0.      0.
  0.      0.      0.      0.      0.      0.      0.      0.      0.      0.
  0.      0.      0.      0.      0.      0.      0.      0.      0.      0.
  0.      0.      0.      0.      0.      0.      0.      0.      0.      0.
  0.      0.      0.      0.      0.      0.      0.      0.      0.      0.
  0.      0.      0.      0.      0.      0.      0.      0.      0.      0.
  0.      0.      0.      0.      0.      0.      0.      0.      0.      0.
  0.      0.      0.      0.      0.      0.      0.      0.      0.      0.
  0.      0.      0.      0.      0.      0.    ]
INFO:root:Hlc N94

INFO:root:Hrb27C N105

INFO:root:Gnf1 N75

INFO:root:Hrb87F N15

INFO:root:Hsp83 N107

INFO:root:MBD-R2 N142

INFO:root:MED7 N4

INFO:root:Ef1alpha48D N140

INFO:root:Nc73EF N48

INFO:root:Nup160 N2

INFO:root:Nopp140 N68

INFO:root:Parp N236

INFO:root:Pdk1 N222

INFO:root:Mcm6 N44

INFO:root:Pten N256

INFO:root:RpL13 N143

INFO:root:Prp8 N32

INFO:root:Dsor1 N210

INFO:root:Droj2 N181

INFO:root:Nup98-96 N50

INFO:root:RpL14 N14

INFO:root:Ref1 N83

INFO:root:RpS13 N82

INFO:root:RpL7A N99

INFO:root:RpL5 N66

INFO:root:CkIIbeta N77

INFO:root:Rrp6 N49

INFO:root:Tsc1 N37

INFO:root:Tcp-1eta N31

INFO:root:RpS11 N88

INFO:root:beta'COP N62

INFO:root:RpL18A N35

INFO:root:T-cp1 N52

INFO:root:RpS6 N72

INFO:root:Rpd3 N242

INFO:root:CG9143 N61

INFO:root:RpS9 N133

INFO:root:Caf1 N73

INFO:root:SmD2 N80

INFO:root:eIF-2alpha N8

INFO:root:Arf102F N124

INFO:root:14-3-3epsilon N132

INFO:root:CG10754 N63

