INFO:root:----------EigenVector--------
INFO:root:[  1.8034e-01   1.5522e-01   1.2438e-01   1.0712e-01   1.0712e-01
   9.5951e-02   9.3056e-02   9.3056e-02   8.6318e-02   8.6318e-02
   7.2652e-02   7.2652e-02   6.4587e-02   6.3427e-02   6.3427e-02
   6.1072e-02   6.1072e-02   5.7198e-02   5.7198e-02   5.2085e-02
   5.2085e-02   5.1752e-02   4.9080e-02   4.9080e-02   4.8719e-02
   4.8719e-02   4.8281e-02   4.8281e-02   4.7611e-02   4.7611e-02
   4.6662e-02   4.6662e-02   4.6567e-02   4.6567e-02   4.6082e-02
   4.3625e-02   4.3625e-02   4.3498e-02   4.3498e-02   4.2572e-02
   4.2572e-02   4.1659e-02   4.1643e-02   4.1643e-02   4.1557e-02
   4.1557e-02   3.9928e-02   3.9928e-02   3.9203e-02   3.9203e-02
   3.8737e-02   3.8737e-02   3.7348e-02   3.7348e-02   3.7264e-02
   3.7238e-02   3.7238e-02   3.5819e-02   3.5819e-02   3.5096e-02
   3.5096e-02   3.4371e-02   3.4371e-02   3.4323e-02   3.4323e-02
   3.4314e-02   3.4314e-02   3.4269e-02   3.4269e-02   3.4139e-02
   3.4139e-02   3.4079e-02   3.4079e-02   3.4071e-02   3.4071e-02
   3.3644e-02   3.3644e-02   3.3639e-02   3.3639e-02   3.3627e-02
   3.3627e-02   3.3614e-02   3.3614e-02   3.3428e-02   3.3428e-02
   3.3409e-02   3.3409e-02   3.3113e-02   3.2757e-02   3.2757e-02
   3.2546e-02   3.2546e-02   3.2360e-02   3.1778e-02   3.1778e-02
   3.1424e-02   3.1424e-02   3.1420e-02   3.1420e-02   3.1129e-02
   3.1129e-02   3.0958e-02   3.0958e-02   3.0192e-02   3.0192e-02
   2.9801e-02   2.9801e-02   2.9707e-02   2.9707e-02   2.9626e-02
   2.9626e-02   2.9348e-02   2.9348e-02   2.9249e-02   2.9249e-02
   2.9050e-02   2.9050e-02   2.8519e-02   2.8519e-02   2.8384e-02
   2.8384e-02   2.8384e-02   2.8384e-02   2.8243e-02   2.8243e-02
   2.8106e-02   2.8106e-02   2.8105e-02   2.8105e-02   2.8031e-02
   2.7997e-02   2.7997e-02   2.7995e-02   2.7995e-02   2.7898e-02
   2.7898e-02   2.7857e-02   2.7857e-02   2.7528e-02   2.7528e-02
   2.7046e-02   2.7046e-02   2.6906e-02   2.6906e-02   2.6887e-02
   2.6887e-02   2.6886e-02   2.6886e-02   2.6856e-02   2.6856e-02
   2.6715e-02   2.6715e-02   2.6685e-02   2.6685e-02   2.6575e-02
   2.6575e-02   2.6519e-02   2.6519e-02   2.6496e-02   2.6496e-02
   2.6456e-02   2.6456e-02   2.6431e-02   2.6431e-02   2.6374e-02
   2.6374e-02   2.6332e-02   2.6332e-02   2.6274e-02   2.6274e-02
   2.6076e-02   2.6076e-02   2.6056e-02   2.6056e-02   2.6001e-02
   2.6001e-02   2.5866e-02   2.5731e-02   2.5731e-02   2.5455e-02
   2.5455e-02   2.5342e-02   2.5342e-02   2.5182e-02   2.4996e-02
   2.4996e-02   2.4736e-02   2.4736e-02   2.4647e-02   2.4647e-02
   2.4499e-02   2.4499e-02   2.4427e-02   2.4427e-02   2.4385e-02
   2.4385e-02   2.4320e-02   2.4320e-02   2.4314e-02   2.4314e-02
   2.4308e-02   2.4308e-02   2.4260e-02   2.4260e-02   2.4247e-02
   2.4247e-02   2.4183e-02   2.4183e-02   2.4169e-02   2.4169e-02
   2.4146e-02   2.4146e-02   2.4121e-02   2.4121e-02   2.4100e-02
   2.4095e-02   2.4095e-02   2.3929e-02   2.3929e-02   2.3755e-02
   2.3755e-02   2.3732e-02   2.3732e-02   2.3722e-02   2.3722e-02
   2.3623e-02   2.3623e-02   2.3611e-02   2.3611e-02   2.3495e-02
   2.3495e-02   2.3480e-02   2.3480e-02   2.3407e-02   2.3407e-02
   2.3330e-02   2.3330e-02   2.3301e-02   2.3301e-02   2.3282e-02
   2.3282e-02   2.3257e-02   2.3257e-02   2.3247e-02   2.3247e-02
   2.3181e-02   2.3181e-02   2.3149e-02   2.3149e-02   2.3111e-02
   2.3111e-02   2.2916e-02   2.2916e-02   2.2792e-02   2.2792e-02
   2.2736e-02   2.2736e-02   2.2731e-02   2.2731e-02   2.2670e-02
   2.2670e-02   2.2662e-02   2.2662e-02   2.2466e-02   2.2466e-02
   2.2457e-02   2.2457e-02   2.2436e-02   2.2436e-02   2.2331e-02
   2.2331e-02   2.2307e-02   2.2307e-02   2.2014e-02   2.2014e-02
   2.1995e-02   2.1995e-02   2.1990e-02   2.1990e-02   2.1906e-02
   2.1906e-02   2.1896e-02   2.1896e-02   2.1890e-02   2.1890e-02
   2.1887e-02   2.1887e-02   2.1838e-02   2.1838e-02   2.1749e-02
   2.1749e-02   2.1738e-02   2.1738e-02   2.1733e-02   2.1733e-02
   2.1589e-02   2.1414e-02   2.1414e-02   2.1328e-02   2.1328e-02
   2.1251e-02   2.1251e-02   2.1239e-02   2.1239e-02   2.1222e-02
   2.1222e-02   2.1194e-02   2.1185e-02   2.1185e-02   2.1129e-02
   2.1129e-02   2.1124e-02   2.1124e-02   2.0987e-02   2.0987e-02
   2.0972e-02   2.0972e-02   2.0965e-02   2.0965e-02   2.0755e-02
   2.0755e-02   2.0716e-02   2.0716e-02   2.0597e-02   2.0597e-02
   2.0579e-02   2.0579e-02   2.0576e-02   2.0576e-02   2.0479e-02
   2.0479e-02   2.0461e-02   2.0461e-02   2.0398e-02   2.0398e-02
   2.0387e-02   2.0387e-02   2.0366e-02   2.0366e-02   2.0362e-02
   2.0350e-02   2.0300e-02   2.0300e-02   2.0241e-02   2.0241e-02
   2.0186e-02   2.0186e-02   2.0117e-02   2.0117e-02   2.0073e-02
   2.0073e-02   2.0062e-02   2.0062e-02   1.9999e-02   1.9999e-02
   1.9908e-02   1.9908e-02   1.9895e-02   1.9895e-02   1.9890e-02
   1.9890e-02   1.9784e-02   1.9784e-02   1.9761e-02   1.9761e-02
   1.9734e-02   1.9734e-02   1.9729e-02   1.9728e-02   1.9728e-02
   1.9724e-02   1.9724e-02   1.9679e-02   1.9679e-02   1.9648e-02
   1.9648e-02   1.9600e-02   1.9600e-02   1.9560e-02   1.9560e-02
   1.9559e-02   1.9541e-02   1.9541e-02   1.9397e-02   1.9397e-02
   1.9273e-02   1.9273e-02   1.9209e-02   1.9209e-02   1.9200e-02
   1.9200e-02   1.9152e-02   1.9152e-02   1.9109e-02   1.9109e-02
   1.9108e-02   1.9108e-02   1.9104e-02   1.9077e-02   1.9077e-02
   1.9060e-02   1.9060e-02   1.9040e-02   1.8950e-02   1.8950e-02
   1.8932e-02   1.8932e-02   1.8892e-02   1.8892e-02   1.8884e-02
   1.8884e-02   1.8874e-02   1.8874e-02   1.8851e-02   1.8851e-02
   1.8834e-02   1.8834e-02   1.8810e-02   1.8810e-02   1.8784e-02
   1.8784e-02   1.8771e-02   1.8771e-02   1.8752e-02   1.8713e-02
   1.8713e-02   1.8691e-02   1.8691e-02   1.8670e-02   1.8670e-02
   1.8582e-02   1.8582e-02   1.8576e-02   1.8576e-02   1.8572e-02
   1.8572e-02   1.8568e-02   1.8568e-02   1.8558e-02   1.8558e-02
   1.8549e-02   1.8549e-02   1.8532e-02   1.8532e-02   1.8383e-02
   1.8383e-02   1.8310e-02   1.8310e-02   1.8307e-02   1.8307e-02
   1.8276e-02   1.8276e-02   1.8169e-02   1.8169e-02   1.8162e-02
   1.8162e-02   1.8154e-02   1.8154e-02   1.8120e-02   1.8120e-02
   1.8076e-02   1.8076e-02   1.8025e-02   1.8025e-02   1.7972e-02
   1.7972e-02   1.7940e-02   1.7930e-02   1.7930e-02   1.7924e-02
   1.7924e-02   1.7852e-02   1.7852e-02   1.7835e-02   1.7835e-02
   1.7827e-02   1.7827e-02   1.7823e-02   1.7823e-02   1.7792e-02
   1.7747e-02   1.7747e-02   1.7743e-02   1.7743e-02   1.7649e-02
   1.7649e-02   1.7615e-02   1.7615e-02   1.7559e-02   1.7559e-02
   1.7551e-02   1.7551e-02   1.7536e-02   1.7536e-02   1.7498e-02
   1.7498e-02   1.7491e-02   1.7491e-02   1.7409e-02   1.7409e-02 ...,
   3.3089e-04   3.2721e-04   3.2721e-04   3.2538e-04   3.2538e-04
   3.2535e-04   3.2535e-04   3.2200e-04   3.2200e-04   3.2078e-04
   3.2078e-04   3.2019e-04   3.2019e-04   3.1680e-04   3.1680e-04
   3.1630e-04   3.1630e-04   3.1468e-04   3.1468e-04   3.1343e-04
   3.1343e-04   3.1291e-04   3.1238e-04   3.1174e-04   3.1174e-04
   3.0567e-04   3.0567e-04   3.0325e-04   3.0191e-04   3.0191e-04
   3.0114e-04   3.0114e-04   3.0057e-04   3.0057e-04   3.0051e-04
   3.0051e-04   2.9936e-04   2.9936e-04   2.9885e-04   2.9885e-04
   2.9683e-04   2.9683e-04   2.9638e-04   2.9638e-04   2.9524e-04
   2.9524e-04   2.8893e-04   2.8893e-04   2.8887e-04   2.8887e-04
   2.8472e-04   2.8472e-04   2.8454e-04   2.8454e-04   2.8383e-04
   2.8383e-04   2.8337e-04   2.8337e-04   2.8293e-04   2.8293e-04
   2.8215e-04   2.8215e-04   2.8138e-04   2.8073e-04   2.8073e-04
   2.7820e-04   2.7763e-04   2.7737e-04   2.7737e-04   2.7669e-04
   2.7669e-04   2.7378e-04   2.7378e-04   2.7318e-04   2.7318e-04
   2.7237e-04   2.6722e-04   2.6690e-04   2.6690e-04   2.6614e-04
   2.6614e-04   2.6382e-04   2.6382e-04   2.6015e-04   2.6015e-04
   2.5968e-04   2.5968e-04   2.5874e-04   2.5874e-04   2.5852e-04
   2.5852e-04   2.5726e-04   2.5726e-04   2.5486e-04   2.5486e-04
   2.5398e-04   2.5398e-04   2.5277e-04   2.5277e-04   2.5271e-04
   2.5271e-04   2.5185e-04   2.5185e-04   2.5174e-04   2.5174e-04
   2.5075e-04   2.5075e-04   2.4879e-04   2.4879e-04   2.4851e-04
   2.4851e-04   2.4364e-04   2.4364e-04   2.4046e-04   2.4046e-04
   2.3906e-04   2.3906e-04   2.3694e-04   2.3372e-04   2.3372e-04
   2.3348e-04   2.3348e-04   2.3165e-04   2.3087e-04   2.3087e-04
   2.3041e-04   2.2792e-04   2.2792e-04   2.2640e-04   2.2640e-04
   2.2354e-04   2.2284e-04   2.2284e-04   2.2074e-04   2.2074e-04
   2.1867e-04   2.1867e-04   2.1334e-04   2.1334e-04   2.1246e-04
   2.1246e-04   2.0783e-04   2.0783e-04   2.0679e-04   2.0679e-04
   2.0596e-04   2.0596e-04   1.9772e-04   1.9772e-04   1.9345e-04
   1.9345e-04   1.9343e-04   1.9118e-04   1.8897e-04   1.8897e-04
   1.8784e-04   1.8784e-04   1.8631e-04   1.8631e-04   1.8556e-04
   1.8556e-04   1.7346e-04   1.7266e-04   1.7266e-04   1.6688e-04
   1.6688e-04   1.6338e-04   1.6338e-04   1.6078e-04   1.6078e-04
   1.6059e-04   1.6059e-04   1.6029e-04   1.6029e-04   1.5962e-04
   1.5962e-04   1.5745e-04   1.5745e-04   1.5672e-04   1.5672e-04
   1.5594e-04   1.5594e-04   1.5267e-04   1.5267e-04   1.5121e-04
   1.5121e-04   1.4990e-04   1.4990e-04   1.4697e-04   1.4697e-04
   1.4634e-04   1.4634e-04   1.4428e-04   1.4428e-04   1.4293e-04
   1.4293e-04   1.4239e-04   1.4239e-04   1.4230e-04   1.4230e-04
   1.4202e-04   1.4202e-04   1.4160e-04   1.4160e-04   1.4037e-04
   1.4037e-04   1.3824e-04   1.3824e-04   1.3678e-04   1.3678e-04
   1.3674e-04   1.3674e-04   1.3636e-04   1.3491e-04   1.3410e-04
   1.3410e-04   1.3347e-04   1.3097e-04   1.3097e-04   1.2993e-04
   1.2993e-04   1.2851e-04   1.2851e-04   1.2802e-04   1.2802e-04
   1.2778e-04   1.2778e-04   1.2770e-04   1.2770e-04   1.2704e-04
   1.2704e-04   1.2683e-04   1.2683e-04   1.2550e-04   1.2251e-04
   1.2251e-04   1.2128e-04   1.2128e-04   1.2065e-04   1.2065e-04
   1.2011e-04   1.2011e-04   1.1832e-04   1.1832e-04   1.1742e-04
   1.1742e-04   1.1544e-04   1.1511e-04   1.1511e-04   1.1439e-04
   1.1439e-04   1.1144e-04   1.1144e-04   1.0796e-04   1.0618e-04
   1.0618e-04   1.0517e-04   1.0517e-04   1.0348e-04   1.0348e-04
   1.0246e-04   1.0246e-04   1.0214e-04   1.0214e-04   1.0002e-04
   1.0002e-04   9.9637e-05   9.9637e-05   9.1966e-05   9.1966e-05
   9.0992e-05   9.0992e-05   9.0477e-05   9.0477e-05   8.9356e-05
   8.8447e-05   8.8446e-05   8.5831e-05   8.5831e-05   8.3959e-05
   8.3959e-05   8.3569e-05   8.3569e-05   8.2421e-05   8.2421e-05
   8.2419e-05   8.2419e-05   7.8069e-05   7.8069e-05   7.7937e-05
   7.7937e-05   7.6878e-05   7.6878e-05   7.6135e-05   7.6135e-05
   7.4446e-05   7.3966e-05   7.3966e-05   7.1953e-05   7.1953e-05
   7.1513e-05   7.1513e-05   7.0873e-05   7.0873e-05   7.0736e-05
   7.0549e-05   7.0549e-05   7.0277e-05   7.0277e-05   6.9941e-05
   6.9941e-05   6.6754e-05   6.6754e-05   6.6480e-05   6.6480e-05
   6.5865e-05   6.4054e-05   6.4054e-05   6.3630e-05   6.2961e-05
   6.2961e-05   6.2478e-05   6.2478e-05   6.2441e-05   6.2441e-05
   6.1968e-05   6.1968e-05   6.1636e-05   5.9791e-05   5.9791e-05
   5.8218e-05   5.8218e-05   5.7506e-05   5.7506e-05   5.7478e-05
   5.7305e-05   5.4982e-05   5.4982e-05   5.2004e-05   5.1918e-05
   5.1918e-05   5.1558e-05   5.1558e-05   5.1527e-05   5.1527e-05
   5.0619e-05   5.0619e-05   4.6406e-05   4.6406e-05   4.5339e-05
   4.5339e-05   4.2844e-05   4.2844e-05   4.0694e-05   4.0694e-05
   3.9313e-05   3.9035e-05   3.9035e-05   3.8026e-05   3.8026e-05
   3.6166e-05   3.6166e-05   3.5601e-05   3.5601e-05   3.5269e-05
   3.5269e-05   3.4401e-05   3.4198e-05   3.4198e-05   3.4070e-05
   3.4070e-05   3.3644e-05   3.3402e-05   3.3402e-05   3.3277e-05
   3.2044e-05   3.2044e-05   3.2009e-05   3.2009e-05   3.0759e-05
   2.9845e-05   2.9845e-05   2.9248e-05   2.9248e-05   2.9063e-05
   2.8701e-05   2.8701e-05   2.8493e-05   2.8493e-05   2.8378e-05
   2.8378e-05   2.8361e-05   2.8361e-05   2.8221e-05   2.8221e-05
   2.7860e-05   2.5418e-05   2.5418e-05   2.5403e-05   2.5403e-05
   2.4500e-05   2.3582e-05   2.3582e-05   2.3203e-05   2.2067e-05
   2.1742e-05   2.1379e-05   2.1379e-05   2.1122e-05   2.1122e-05
   2.0535e-05   1.9261e-05   1.7813e-05   1.7813e-05   1.7729e-05
   1.6627e-05   1.6627e-05   1.6427e-05   1.6427e-05   1.6373e-05
   1.5533e-05   1.5533e-05   1.4713e-05   1.4713e-05   1.4571e-05
   1.4555e-05   1.4122e-05   1.3913e-05   1.3913e-05   1.3608e-05
   1.3158e-05   1.2608e-05   1.2608e-05   9.4684e-06   9.2631e-06
   7.9815e-06   7.9815e-06   7.5309e-06   7.2527e-06   7.1099e-06
   7.0685e-06   7.0685e-06   7.0678e-06   7.0642e-06   7.0642e-06
   5.8738e-06   5.8738e-06   5.8640e-06   5.6569e-06   5.5424e-06
   4.1476e-06   4.0916e-06   4.0916e-06   3.8971e-06   3.8690e-06
   3.8690e-06   3.7125e-06   3.4973e-06   3.3385e-06   2.0785e-06
   1.6493e-06   1.4233e-06   1.4146e-06   1.1851e-06   1.0583e-06
   9.2913e-07   4.8063e-07   3.4570e-07   3.1035e-07   2.5279e-07
   2.4570e-07   6.5252e-08   2.1944e-14   1.2991e-14   1.1419e-14
   8.8983e-15   2.4178e-15   1.0351e-15   5.9178e-16   5.5060e-16
   4.1713e-16   1.8916e-16   1.8723e-16   1.6038e-16   1.3901e-16
   1.3447e-16   1.1754e-16   1.0905e-16   8.8667e-17   6.9217e-17
   6.3486e-17   6.2889e-17   3.4287e-17   3.1850e-17   3.0859e-17
   2.7376e-17   2.3606e-17   2.3314e-17   6.6487e-18   5.8480e-18]
INFO:root:----------EigenVector--------
INFO:root:[  1.8034e-01   1.5522e-01   1.2438e-01   1.0712e-01   1.0712e-01
   9.5951e-02   9.3056e-02   9.3056e-02   8.6318e-02   8.6318e-02
   7.2652e-02   7.2652e-02   6.4587e-02   6.3427e-02   6.3427e-02
   6.1072e-02   6.1072e-02   5.7198e-02   5.7198e-02   5.2085e-02
   5.2085e-02   5.1752e-02   4.9080e-02   4.9080e-02   4.8719e-02
   4.8719e-02   4.8281e-02   4.8281e-02   4.7611e-02   4.7611e-02
   4.6662e-02   4.6662e-02   4.6567e-02   4.6567e-02   4.6082e-02
   4.3625e-02   4.3625e-02   4.3498e-02   4.3498e-02   4.2572e-02
   4.2572e-02   4.1659e-02   4.1643e-02   4.1643e-02   4.1557e-02
   4.1557e-02   3.9928e-02   3.9928e-02   3.9203e-02   3.9203e-02
   3.8737e-02   3.8737e-02   3.7348e-02   3.7348e-02   3.7264e-02
   3.7238e-02   3.7238e-02   3.5819e-02   3.5819e-02   3.5096e-02
   3.5096e-02   3.4371e-02   3.4371e-02   3.4323e-02   3.4323e-02
   3.4314e-02   3.4314e-02   3.4269e-02   3.4269e-02   3.4139e-02
   3.4139e-02   3.4079e-02   3.4079e-02   3.4071e-02   3.4071e-02
   3.3644e-02   3.3644e-02   3.3639e-02   3.3639e-02   3.3627e-02
   3.3627e-02   3.3614e-02   3.3614e-02   3.3428e-02   3.3428e-02
   3.3409e-02   3.3409e-02   3.3113e-02   3.2757e-02   3.2757e-02
   3.2546e-02   3.2546e-02   3.2360e-02   3.1778e-02   3.1778e-02
   3.1424e-02   3.1424e-02   3.1420e-02   3.1420e-02   3.1129e-02
   3.1129e-02   3.0958e-02   3.0958e-02   3.0192e-02   3.0192e-02
   2.9801e-02   2.9801e-02   2.9707e-02   2.9707e-02   2.9626e-02
   2.9626e-02   2.9348e-02   2.9348e-02   2.9249e-02   2.9249e-02
   2.9050e-02   2.9050e-02   2.8519e-02   2.8519e-02   2.8384e-02
   2.8384e-02   2.8384e-02   2.8384e-02   2.8243e-02   2.8243e-02
   2.8106e-02   2.8106e-02   2.8105e-02   2.8105e-02   2.8031e-02
   2.7997e-02   2.7997e-02   2.7995e-02   2.7995e-02   2.7898e-02
   2.7898e-02   2.7857e-02   2.7857e-02   2.7528e-02   2.7528e-02
   2.7046e-02   2.7046e-02   2.6906e-02   2.6906e-02   2.6887e-02
   2.6887e-02   2.6886e-02   2.6886e-02   2.6856e-02   2.6856e-02
   2.6715e-02   2.6715e-02   2.6685e-02   2.6685e-02   2.6575e-02
   2.6575e-02   2.6519e-02   2.6519e-02   2.6496e-02   2.6496e-02
   2.6456e-02   2.6456e-02   2.6431e-02   2.6431e-02   2.6374e-02
   2.6374e-02   2.6332e-02   2.6332e-02   2.6274e-02   2.6274e-02
   2.6076e-02   2.6076e-02   2.6056e-02   2.6056e-02   2.6001e-02
   2.6001e-02   2.5866e-02   2.5731e-02   2.5731e-02   2.5455e-02
   2.5455e-02   2.5342e-02   2.5342e-02   2.5182e-02   2.4996e-02
   2.4996e-02   2.4736e-02   2.4736e-02   2.4647e-02   2.4647e-02
   2.4499e-02   2.4499e-02   2.4427e-02   2.4427e-02   2.4385e-02
   2.4385e-02   2.4320e-02   2.4320e-02   2.4314e-02   2.4314e-02
   2.4308e-02   2.4308e-02   2.4260e-02   2.4260e-02   2.4247e-02
   2.4247e-02   2.4183e-02   2.4183e-02   2.4169e-02   2.4169e-02
   2.4146e-02   2.4146e-02   2.4121e-02   2.4121e-02   2.4100e-02
   2.4095e-02   2.4095e-02   2.3929e-02   2.3929e-02   2.3755e-02
   2.3755e-02   2.3732e-02   2.3732e-02   2.3722e-02   2.3722e-02
   2.3623e-02   2.3623e-02   2.3611e-02   2.3611e-02   2.3495e-02
   2.3495e-02   2.3480e-02   2.3480e-02   2.3407e-02   2.3407e-02
   2.3330e-02   2.3330e-02   2.3301e-02   2.3301e-02   2.3282e-02
   2.3282e-02   2.3257e-02   2.3257e-02   2.3247e-02   2.3247e-02
   2.3181e-02   2.3181e-02   2.3149e-02   2.3149e-02   2.3111e-02
   2.3111e-02   2.2916e-02   2.2916e-02   2.2792e-02   2.2792e-02
   2.2736e-02   2.2736e-02   2.2731e-02   2.2731e-02   2.2670e-02
   2.2670e-02   2.2662e-02   2.2662e-02   2.2466e-02   2.2466e-02
   2.2457e-02   2.2457e-02   2.2436e-02   2.2436e-02   2.2331e-02
   2.2331e-02   2.2307e-02   2.2307e-02   2.2014e-02   2.2014e-02
   2.1995e-02   2.1995e-02   2.1990e-02   2.1990e-02   2.1906e-02
   2.1906e-02   2.1896e-02   2.1896e-02   2.1890e-02   2.1890e-02
   2.1887e-02   2.1887e-02   2.1838e-02   2.1838e-02   2.1749e-02
   2.1749e-02   2.1738e-02   2.1738e-02   2.1733e-02   2.1733e-02
   2.1589e-02   2.1414e-02   2.1414e-02   2.1328e-02   2.1328e-02
   2.1251e-02   2.1251e-02   2.1239e-02   2.1239e-02   2.1222e-02
   2.1222e-02   2.1194e-02   2.1185e-02   2.1185e-02   2.1129e-02
   2.1129e-02   2.1124e-02   2.1124e-02   2.0987e-02   2.0987e-02
   2.0972e-02   2.0972e-02   2.0965e-02   2.0965e-02   2.0755e-02
   2.0755e-02   2.0716e-02   2.0716e-02   2.0597e-02   2.0597e-02
   2.0579e-02   2.0579e-02   2.0576e-02   2.0576e-02   2.0479e-02
   2.0479e-02   2.0461e-02   2.0461e-02   2.0398e-02   2.0398e-02
   2.0387e-02   2.0387e-02   2.0366e-02   2.0366e-02   2.0362e-02
   2.0350e-02   2.0300e-02   2.0300e-02   2.0241e-02   2.0241e-02
   2.0186e-02   2.0186e-02   2.0117e-02   2.0117e-02   2.0073e-02
   2.0073e-02   2.0062e-02   2.0062e-02   1.9999e-02   1.9999e-02
   1.9908e-02   1.9908e-02   1.9895e-02   1.9895e-02   1.9890e-02
   1.9890e-02   1.9784e-02   1.9784e-02   1.9761e-02   1.9761e-02
   1.9734e-02   1.9734e-02   1.9729e-02   1.9728e-02   1.9728e-02
   1.9724e-02   1.9724e-02   1.9679e-02   1.9679e-02   1.9648e-02
   1.9648e-02   1.9600e-02   1.9600e-02   1.9560e-02   1.9560e-02
   1.9559e-02   1.9541e-02   1.9541e-02   1.9397e-02   1.9397e-02
   1.9273e-02   1.9273e-02   1.9209e-02   1.9209e-02   1.9200e-02
   1.9200e-02   1.9152e-02   1.9152e-02   1.9109e-02   1.9109e-02
   1.9108e-02   1.9108e-02   1.9104e-02   1.9077e-02   1.9077e-02
   1.9060e-02   1.9060e-02   1.9040e-02   1.8950e-02   1.8950e-02
   1.8932e-02   1.8932e-02   1.8892e-02   1.8892e-02   1.8884e-02
   1.8884e-02   1.8874e-02   1.8874e-02   1.8851e-02   1.8851e-02
   1.8834e-02   1.8834e-02   1.8810e-02   1.8810e-02   1.8784e-02
   1.8784e-02   1.8771e-02   1.8771e-02   1.8752e-02   1.8713e-02
   1.8713e-02   1.8691e-02   1.8691e-02   1.8670e-02   1.8670e-02
   1.8582e-02   1.8582e-02   1.8576e-02   1.8576e-02   1.8572e-02
   1.8572e-02   1.8568e-02   1.8568e-02   1.8558e-02   1.8558e-02
   1.8549e-02   1.8549e-02   1.8532e-02   1.8532e-02   1.8383e-02
   1.8383e-02   1.8310e-02   1.8310e-02   1.8307e-02   1.8307e-02
   1.8276e-02   1.8276e-02   1.8169e-02   1.8169e-02   1.8162e-02
   1.8162e-02   1.8154e-02   1.8154e-02   1.8120e-02   1.8120e-02
   1.8076e-02   1.8076e-02   1.8025e-02   1.8025e-02   1.7972e-02
   1.7972e-02   1.7940e-02   1.7930e-02   1.7930e-02   1.7924e-02
   1.7924e-02   1.7852e-02   1.7852e-02   1.7835e-02   1.7835e-02
   1.7827e-02   1.7827e-02   1.7823e-02   1.7823e-02   1.7792e-02
   1.7747e-02   1.7747e-02   1.7743e-02   1.7743e-02   1.7649e-02
   1.7649e-02   1.7615e-02   1.7615e-02   1.7559e-02   1.7559e-02
   1.7551e-02   1.7551e-02   1.7536e-02   1.7536e-02   1.7498e-02
   1.7498e-02   1.7491e-02   1.7491e-02   1.7409e-02   1.7409e-02 ...,
   3.3089e-04   3.2721e-04   3.2721e-04   3.2538e-04   3.2538e-04
   3.2535e-04   3.2535e-04   3.2200e-04   3.2200e-04   3.2078e-04
   3.2078e-04   3.2019e-04   3.2019e-04   3.1680e-04   3.1680e-04
   3.1630e-04   3.1630e-04   3.1468e-04   3.1468e-04   3.1343e-04
   3.1343e-04   3.1291e-04   3.1238e-04   3.1174e-04   3.1174e-04
   3.0567e-04   3.0567e-04   3.0325e-04   3.0191e-04   3.0191e-04
   3.0114e-04   3.0114e-04   3.0057e-04   3.0057e-04   3.0051e-04
   3.0051e-04   2.9936e-04   2.9936e-04   2.9885e-04   2.9885e-04
   2.9683e-04   2.9683e-04   2.9638e-04   2.9638e-04   2.9524e-04
   2.9524e-04   2.8893e-04   2.8893e-04   2.8887e-04   2.8887e-04
   2.8472e-04   2.8472e-04   2.8454e-04   2.8454e-04   2.8383e-04
   2.8383e-04   2.8337e-04   2.8337e-04   2.8293e-04   2.8293e-04
   2.8215e-04   2.8215e-04   2.8138e-04   2.8073e-04   2.8073e-04
   2.7820e-04   2.7763e-04   2.7737e-04   2.7737e-04   2.7669e-04
   2.7669e-04   2.7378e-04   2.7378e-04   2.7318e-04   2.7318e-04
   2.7237e-04   2.6722e-04   2.6690e-04   2.6690e-04   2.6614e-04
   2.6614e-04   2.6382e-04   2.6382e-04   2.6015e-04   2.6015e-04
   2.5968e-04   2.5968e-04   2.5874e-04   2.5874e-04   2.5852e-04
   2.5852e-04   2.5726e-04   2.5726e-04   2.5486e-04   2.5486e-04
   2.5398e-04   2.5398e-04   2.5277e-04   2.5277e-04   2.5271e-04
   2.5271e-04   2.5185e-04   2.5185e-04   2.5174e-04   2.5174e-04
   2.5075e-04   2.5075e-04   2.4879e-04   2.4879e-04   2.4851e-04
   2.4851e-04   2.4364e-04   2.4364e-04   2.4046e-04   2.4046e-04
   2.3906e-04   2.3906e-04   2.3694e-04   2.3372e-04   2.3372e-04
   2.3348e-04   2.3348e-04   2.3165e-04   2.3087e-04   2.3087e-04
   2.3041e-04   2.2792e-04   2.2792e-04   2.2640e-04   2.2640e-04
   2.2354e-04   2.2284e-04   2.2284e-04   2.2074e-04   2.2074e-04
   2.1867e-04   2.1867e-04   2.1334e-04   2.1334e-04   2.1246e-04
   2.1246e-04   2.0783e-04   2.0783e-04   2.0679e-04   2.0679e-04
   2.0596e-04   2.0596e-04   1.9772e-04   1.9772e-04   1.9345e-04
   1.9345e-04   1.9343e-04   1.9118e-04   1.8897e-04   1.8897e-04
   1.8784e-04   1.8784e-04   1.8631e-04   1.8631e-04   1.8556e-04
   1.8556e-04   1.7346e-04   1.7266e-04   1.7266e-04   1.6688e-04
   1.6688e-04   1.6338e-04   1.6338e-04   1.6078e-04   1.6078e-04
   1.6059e-04   1.6059e-04   1.6029e-04   1.6029e-04   1.5962e-04
   1.5962e-04   1.5745e-04   1.5745e-04   1.5672e-04   1.5672e-04
   1.5594e-04   1.5594e-04   1.5267e-04   1.5267e-04   1.5121e-04
   1.5121e-04   1.4990e-04   1.4990e-04   1.4697e-04   1.4697e-04
   1.4634e-04   1.4634e-04   1.4428e-04   1.4428e-04   1.4293e-04
   1.4293e-04   1.4239e-04   1.4239e-04   1.4230e-04   1.4230e-04
   1.4202e-04   1.4202e-04   1.4160e-04   1.4160e-04   1.4037e-04
   1.4037e-04   1.3824e-04   1.3824e-04   1.3678e-04   1.3678e-04
   1.3674e-04   1.3674e-04   1.3636e-04   1.3491e-04   1.3410e-04
   1.3410e-04   1.3347e-04   1.3097e-04   1.3097e-04   1.2993e-04
   1.2993e-04   1.2851e-04   1.2851e-04   1.2802e-04   1.2802e-04
   1.2778e-04   1.2778e-04   1.2770e-04   1.2770e-04   1.2704e-04
   1.2704e-04   1.2683e-04   1.2683e-04   1.2550e-04   1.2251e-04
   1.2251e-04   1.2128e-04   1.2128e-04   1.2065e-04   1.2065e-04
   1.2011e-04   1.2011e-04   1.1832e-04   1.1832e-04   1.1742e-04
   1.1742e-04   1.1544e-04   1.1511e-04   1.1511e-04   1.1439e-04
   1.1439e-04   1.1144e-04   1.1144e-04   1.0796e-04   1.0618e-04
   1.0618e-04   1.0517e-04   1.0517e-04   1.0348e-04   1.0348e-04
   1.0246e-04   1.0246e-04   1.0214e-04   1.0214e-04   1.0002e-04
   1.0002e-04   9.9637e-05   9.9637e-05   9.1966e-05   9.1966e-05
   9.0992e-05   9.0992e-05   9.0477e-05   9.0477e-05   8.9356e-05
   8.8447e-05   8.8446e-05   8.5831e-05   8.5831e-05   8.3959e-05
   8.3959e-05   8.3569e-05   8.3569e-05   8.2421e-05   8.2421e-05
   8.2419e-05   8.2419e-05   7.8069e-05   7.8069e-05   7.7937e-05
   7.7937e-05   7.6878e-05   7.6878e-05   7.6135e-05   7.6135e-05
   7.4446e-05   7.3966e-05   7.3966e-05   7.1953e-05   7.1953e-05
   7.1513e-05   7.1513e-05   7.0873e-05   7.0873e-05   7.0736e-05
   7.0549e-05   7.0549e-05   7.0277e-05   7.0277e-05   6.9941e-05
   6.9941e-05   6.6754e-05   6.6754e-05   6.6480e-05   6.6480e-05
   6.5865e-05   6.4054e-05   6.4054e-05   6.3630e-05   6.2961e-05
   6.2961e-05   6.2478e-05   6.2478e-05   6.2441e-05   6.2441e-05
   6.1968e-05   6.1968e-05   6.1636e-05   5.9791e-05   5.9791e-05
   5.8218e-05   5.8218e-05   5.7506e-05   5.7506e-05   5.7478e-05
   5.7305e-05   5.4982e-05   5.4982e-05   5.2004e-05   5.1918e-05
   5.1918e-05   5.1558e-05   5.1558e-05   5.1527e-05   5.1527e-05
   5.0619e-05   5.0619e-05   4.6406e-05   4.6406e-05   4.5339e-05
   4.5339e-05   4.2844e-05   4.2844e-05   4.0694e-05   4.0694e-05
   3.9313e-05   3.9035e-05   3.9035e-05   3.8026e-05   3.8026e-05
   3.6166e-05   3.6166e-05   3.5601e-05   3.5601e-05   3.5269e-05
   3.5269e-05   3.4401e-05   3.4198e-05   3.4198e-05   3.4070e-05
   3.4070e-05   3.3644e-05   3.3402e-05   3.3402e-05   3.3277e-05
   3.2044e-05   3.2044e-05   3.2009e-05   3.2009e-05   3.0759e-05
   2.9845e-05   2.9845e-05   2.9248e-05   2.9248e-05   2.9063e-05
   2.8701e-05   2.8701e-05   2.8493e-05   2.8493e-05   2.8378e-05
   2.8378e-05   2.8361e-05   2.8361e-05   2.8221e-05   2.8221e-05
   2.7860e-05   2.5418e-05   2.5418e-05   2.5403e-05   2.5403e-05
   2.4500e-05   2.3582e-05   2.3582e-05   2.3203e-05   2.2067e-05
   2.1742e-05   2.1379e-05   2.1379e-05   2.1122e-05   2.1122e-05
   2.0535e-05   1.9261e-05   1.7813e-05   1.7813e-05   1.7729e-05
   1.6627e-05   1.6627e-05   1.6427e-05   1.6427e-05   1.6373e-05
   1.5533e-05   1.5533e-05   1.4713e-05   1.4713e-05   1.4571e-05
   1.4555e-05   1.4122e-05   1.3913e-05   1.3913e-05   1.3608e-05
   1.3158e-05   1.2608e-05   1.2608e-05   9.4684e-06   9.2631e-06
   7.9815e-06   7.9815e-06   7.5309e-06   7.2527e-06   7.1099e-06
   7.0685e-06   7.0685e-06   7.0678e-06   7.0642e-06   7.0642e-06
   5.8738e-06   5.8738e-06   5.8640e-06   5.6569e-06   5.5424e-06
   4.1476e-06   4.0916e-06   4.0916e-06   3.8971e-06   3.8690e-06
   3.8690e-06   3.7125e-06   3.4973e-06   3.3385e-06   2.0785e-06
   1.6493e-06   1.4233e-06   1.4146e-06   1.1851e-06   1.0583e-06
   9.2913e-07   4.8063e-07   3.4570e-07   3.1035e-07   2.5279e-07
   2.4570e-07   6.5252e-08   2.1944e-14   1.2991e-14   1.1419e-14
   8.8983e-15   2.4178e-15   1.0351e-15   5.9178e-16   5.5060e-16
   4.1713e-16   1.8916e-16   1.8723e-16   1.6038e-16   1.3901e-16
   1.3447e-16   1.1754e-16   1.0905e-16   8.8667e-17   6.9217e-17
   6.3486e-17   6.2889e-17   3.4287e-17   3.1850e-17   3.0859e-17
   2.7376e-17   2.3606e-17   2.3314e-17   6.6487e-18   5.8480e-18]
