INFO:root:----------EigenVector--------
INFO:root:[  3.2999e-01   1.9842e-01   9.3488e-02   9.3488e-02   9.0480e-02
   8.9088e-02   7.7678e-02   7.7678e-02   7.2035e-02   7.2035e-02
   6.4110e-02   6.4110e-02   6.1655e-02   6.1655e-02   6.0806e-02
   6.0806e-02   5.4085e-02   5.4085e-02   4.5326e-02   4.5326e-02
   4.5185e-02   4.5185e-02   4.4035e-02   4.4035e-02   4.2590e-02
   4.2590e-02   4.2395e-02   4.2395e-02   4.1774e-02   4.1774e-02
   4.0720e-02   4.0720e-02   3.9860e-02   3.9860e-02   3.9671e-02
   3.9671e-02   3.9108e-02   3.9108e-02   3.6331e-02   3.6331e-02
   3.6156e-02   3.4615e-02   3.4615e-02   3.3948e-02   3.3948e-02
   3.3236e-02   3.3236e-02   3.1689e-02   3.1689e-02   3.1419e-02
   3.1366e-02   3.1366e-02   3.0752e-02   3.0752e-02   3.0027e-02
   3.0027e-02   2.9809e-02   2.9809e-02   2.9532e-02   2.9532e-02
   2.9486e-02   2.8378e-02   2.8378e-02   2.8175e-02   2.7929e-02
   2.7929e-02   2.7793e-02   2.7793e-02   2.7233e-02   2.7233e-02
   2.7230e-02   2.7230e-02   2.7152e-02   2.7152e-02   2.7021e-02
   2.7021e-02   2.6947e-02   2.6947e-02   2.6932e-02   2.6932e-02
   2.6823e-02   2.6823e-02   2.6821e-02   2.6821e-02   2.6780e-02
   2.6780e-02   2.6296e-02   2.6296e-02   2.6036e-02   2.6036e-02
   2.5525e-02   2.5525e-02   2.5499e-02   2.5499e-02   2.5414e-02
   2.5414e-02   2.5278e-02   2.5278e-02   2.5250e-02   2.5250e-02
   2.4846e-02   2.4846e-02   2.4816e-02   2.4816e-02   2.4727e-02
   2.4727e-02   2.4624e-02   2.4624e-02   2.4489e-02   2.4489e-02
   2.4482e-02   2.4482e-02   2.4451e-02   2.4451e-02   2.4188e-02
   2.4188e-02   2.4090e-02   2.4090e-02   2.4083e-02   2.4083e-02
   2.4028e-02   2.4028e-02   2.4004e-02   2.4004e-02   2.3911e-02
   2.3911e-02   2.3805e-02   2.3805e-02   2.3789e-02   2.3789e-02
   2.3711e-02   2.3711e-02   2.3575e-02   2.3575e-02   2.3551e-02
   2.3551e-02   2.3462e-02   2.3462e-02   2.3371e-02   2.3371e-02
   2.3355e-02   2.3355e-02   2.3089e-02   2.3089e-02   2.3070e-02
   2.3070e-02   2.2921e-02   2.2921e-02   2.2868e-02   2.2868e-02
   2.2847e-02   2.2847e-02   2.2573e-02   2.2573e-02   2.2551e-02
   2.2551e-02   2.2508e-02   2.2508e-02   2.2293e-02   2.2293e-02
   2.2242e-02   2.2242e-02   2.2134e-02   2.2134e-02   2.2096e-02
   2.2096e-02   2.2068e-02   2.2068e-02   2.2044e-02   2.2040e-02
   2.2040e-02   2.2012e-02   2.2012e-02   2.1988e-02   2.1988e-02
   2.1769e-02   2.1769e-02   2.1614e-02   2.1614e-02   2.1591e-02
   2.1591e-02   2.1567e-02   2.1567e-02   2.1438e-02   2.1438e-02
   2.1400e-02   2.1355e-02   2.1355e-02   2.1276e-02   2.1276e-02
   2.1235e-02   2.1235e-02   2.1233e-02   2.1233e-02   2.1226e-02
   2.1226e-02   2.1174e-02   2.1174e-02   2.1013e-02   2.1013e-02
   2.0945e-02   2.0945e-02   2.0917e-02   2.0856e-02   2.0856e-02
   2.0821e-02   2.0821e-02   2.0701e-02   2.0701e-02   2.0630e-02
   2.0630e-02   2.0568e-02   2.0568e-02   2.0530e-02   2.0530e-02
   2.0445e-02   2.0445e-02   2.0344e-02   2.0344e-02   2.0287e-02
   2.0287e-02   2.0170e-02   2.0170e-02   2.0104e-02   2.0104e-02
   2.0061e-02   2.0061e-02   2.0042e-02   2.0042e-02   2.0042e-02
   2.0042e-02   1.9962e-02   1.9962e-02   1.9953e-02   1.9953e-02
   1.9916e-02   1.9916e-02   1.9904e-02   1.9904e-02   1.9822e-02
   1.9822e-02   1.9626e-02   1.9626e-02   1.9614e-02   1.9614e-02
   1.9482e-02   1.9482e-02   1.9451e-02   1.9451e-02   1.9425e-02
   1.9425e-02   1.9395e-02   1.9395e-02   1.9338e-02   1.9338e-02
   1.9329e-02   1.9329e-02   1.9317e-02   1.9317e-02   1.9143e-02
   1.9143e-02   1.9120e-02   1.9120e-02   1.9003e-02   1.9003e-02
   1.8925e-02   1.8925e-02   1.8836e-02   1.8836e-02   1.8788e-02
   1.8788e-02   1.8786e-02   1.8786e-02   1.8758e-02   1.8734e-02
   1.8734e-02   1.8676e-02   1.8676e-02   1.8671e-02   1.8671e-02
   1.8653e-02   1.8653e-02   1.8642e-02   1.8642e-02   1.8637e-02
   1.8637e-02   1.8614e-02   1.8588e-02   1.8588e-02   1.8555e-02
   1.8555e-02   1.8539e-02   1.8539e-02   1.8530e-02   1.8498e-02
   1.8498e-02   1.8422e-02   1.8422e-02   1.8259e-02   1.8259e-02
   1.8250e-02   1.8250e-02   1.8244e-02   1.8244e-02   1.8112e-02
   1.8112e-02   1.8063e-02   1.8063e-02   1.8040e-02   1.8040e-02
   1.8029e-02   1.8029e-02   1.8016e-02   1.8016e-02   1.7952e-02
   1.7952e-02   1.7831e-02   1.7831e-02   1.7773e-02   1.7773e-02
   1.7723e-02   1.7723e-02   1.7686e-02   1.7686e-02   1.7684e-02
   1.7684e-02   1.7681e-02   1.7676e-02   1.7676e-02   1.7660e-02
   1.7660e-02   1.7660e-02   1.7648e-02   1.7648e-02   1.7637e-02
   1.7637e-02   1.7608e-02   1.7608e-02   1.7597e-02   1.7597e-02
   1.7591e-02   1.7591e-02   1.7492e-02   1.7492e-02   1.7360e-02
   1.7360e-02   1.7333e-02   1.7333e-02   1.7250e-02   1.7250e-02
   1.7235e-02   1.7235e-02   1.7189e-02   1.7189e-02   1.7069e-02
   1.7069e-02   1.7026e-02   1.7026e-02   1.7014e-02   1.7014e-02
   1.6991e-02   1.6991e-02   1.6969e-02   1.6969e-02   1.6841e-02
   1.6841e-02   1.6817e-02   1.6817e-02   1.6801e-02   1.6801e-02
   1.6754e-02   1.6754e-02   1.6683e-02   1.6683e-02   1.6678e-02
   1.6678e-02   1.6668e-02   1.6668e-02   1.6624e-02   1.6624e-02
   1.6606e-02   1.6604e-02   1.6604e-02   1.6571e-02   1.6571e-02
   1.6541e-02   1.6541e-02   1.6492e-02   1.6492e-02   1.6387e-02
   1.6387e-02   1.6382e-02   1.6382e-02   1.6208e-02   1.6208e-02
   1.6153e-02   1.6153e-02   1.6098e-02   1.6098e-02   1.6095e-02
   1.6095e-02   1.6089e-02   1.6089e-02   1.6078e-02   1.6078e-02
   1.5951e-02   1.5950e-02   1.5950e-02   1.5913e-02   1.5913e-02
   1.5897e-02   1.5897e-02   1.5837e-02   1.5837e-02   1.5808e-02
   1.5808e-02   1.5771e-02   1.5771e-02   1.5753e-02   1.5753e-02
   1.5752e-02   1.5752e-02   1.5649e-02   1.5649e-02   1.5629e-02
   1.5629e-02   1.5470e-02   1.5446e-02   1.5446e-02   1.5436e-02
   1.5436e-02   1.5413e-02   1.5413e-02   1.5405e-02   1.5405e-02
   1.5399e-02   1.5399e-02   1.5340e-02   1.5322e-02   1.5322e-02
   1.5294e-02   1.5294e-02   1.5257e-02   1.5257e-02   1.5252e-02
   1.5252e-02   1.5200e-02   1.5200e-02   1.5092e-02   1.5092e-02
   1.5086e-02   1.5086e-02   1.5066e-02   1.5048e-02   1.5048e-02
   1.5041e-02   1.5041e-02   1.5004e-02   1.5004e-02   1.4998e-02
   1.4998e-02   1.4988e-02   1.4988e-02   1.4978e-02   1.4978e-02
   1.4970e-02   1.4970e-02   1.4965e-02   1.4965e-02   1.4960e-02
   1.4960e-02   1.4959e-02   1.4959e-02   1.4955e-02   1.4955e-02
   1.4940e-02   1.4940e-02   1.4897e-02   1.4897e-02   1.4872e-02
   1.4872e-02   1.4847e-02   1.4847e-02   1.4847e-02   1.4847e-02
   1.4807e-02   1.4807e-02   1.4774e-02   1.4774e-02   1.4757e-02
   1.4757e-02   1.4719e-02   1.4719e-02   1.4713e-02   1.4713e-02
   1.4671e-02   1.4671e-02   1.4659e-02   1.4659e-02   1.4632e-02 ...,
   3.0372e-04   3.0260e-04   3.0260e-04   3.0234e-04   3.0234e-04
   2.9936e-04   2.9936e-04   2.9888e-04   2.9888e-04   2.9863e-04
   2.9863e-04   2.9802e-04   2.9802e-04   2.9777e-04   2.9777e-04
   2.9733e-04   2.9733e-04   2.9370e-04   2.9370e-04   2.9266e-04
   2.9266e-04   2.9126e-04   2.9126e-04   2.8787e-04   2.8787e-04
   2.8764e-04   2.8764e-04   2.8610e-04   2.8610e-04   2.8549e-04
   2.8549e-04   2.8458e-04   2.8411e-04   2.8411e-04   2.8019e-04
   2.8019e-04   2.7920e-04   2.7707e-04   2.7707e-04   2.7433e-04
   2.7433e-04   2.7297e-04   2.7297e-04   2.6991e-04   2.6991e-04
   2.6770e-04   2.6770e-04   2.6671e-04   2.6671e-04   2.6631e-04
   2.6631e-04   2.6358e-04   2.6358e-04   2.6109e-04   2.6109e-04
   2.6005e-04   2.5858e-04   2.5858e-04   2.5571e-04   2.5571e-04
   2.4950e-04   2.4950e-04   2.4571e-04   2.4571e-04   2.4571e-04
   2.4571e-04   2.4265e-04   2.4265e-04   2.4175e-04   2.4175e-04
   2.4045e-04   2.4045e-04   2.3879e-04   2.3879e-04   2.3704e-04
   2.3704e-04   2.3610e-04   2.3610e-04   2.3561e-04   2.2864e-04
   2.2864e-04   2.2680e-04   2.2680e-04   2.2588e-04   2.2588e-04
   2.2547e-04   2.2547e-04   2.2148e-04   2.2148e-04   2.1848e-04
   2.1848e-04   2.1786e-04   2.1786e-04   2.1733e-04   2.1733e-04
   2.1593e-04   2.1593e-04   2.1557e-04   2.1557e-04   2.1545e-04
   2.1545e-04   2.1537e-04   2.1537e-04   2.1431e-04   2.1431e-04
   2.1223e-04   2.1223e-04   2.1191e-04   2.1191e-04   2.1082e-04
   2.1082e-04   2.0919e-04   2.0919e-04   2.0883e-04   2.0883e-04
   2.0479e-04   2.0479e-04   2.0231e-04   2.0231e-04   2.0071e-04
   1.9930e-04   1.9930e-04   1.9838e-04   1.9838e-04   1.9788e-04
   1.9726e-04   1.9726e-04   1.9705e-04   1.9705e-04   1.9686e-04
   1.9686e-04   1.9595e-04   1.9595e-04   1.9551e-04   1.9551e-04
   1.9331e-04   1.9331e-04   1.9195e-04   1.9195e-04   1.9195e-04
   1.9195e-04   1.9043e-04   1.9043e-04   1.9009e-04   1.9009e-04
   1.8995e-04   1.8995e-04   1.8919e-04   1.8883e-04   1.8883e-04
   1.8737e-04   1.8737e-04   1.8716e-04   1.8716e-04   1.8647e-04
   1.8647e-04   1.8117e-04   1.8117e-04   1.7997e-04   1.7997e-04
   1.7836e-04   1.7836e-04   1.7826e-04   1.7826e-04   1.7825e-04
   1.7825e-04   1.7819e-04   1.7819e-04   1.7788e-04   1.7788e-04
   1.7645e-04   1.7645e-04   1.7633e-04   1.7633e-04   1.7620e-04
   1.7620e-04   1.7057e-04   1.7057e-04   1.7004e-04   1.7004e-04
   1.6738e-04   1.6738e-04   1.6722e-04   1.6722e-04   1.6681e-04
   1.6681e-04   1.6551e-04   1.6447e-04   1.6447e-04   1.6403e-04
   1.6403e-04   1.6199e-04   1.6199e-04   1.6187e-04   1.6187e-04
   1.5998e-04   1.5998e-04   1.5975e-04   1.5975e-04   1.5965e-04
   1.5965e-04   1.5877e-04   1.5877e-04   1.5804e-04   1.5804e-04
   1.5798e-04   1.5798e-04   1.5665e-04   1.5665e-04   1.5578e-04
   1.5578e-04   1.5331e-04   1.5331e-04   1.5265e-04   1.5265e-04
   1.5029e-04   1.5029e-04   1.5006e-04   1.5006e-04   1.4992e-04
   1.4992e-04   1.4962e-04   1.4852e-04   1.4852e-04   1.4766e-04
   1.4766e-04   1.4710e-04   1.4710e-04   1.4692e-04   1.4692e-04
   1.4508e-04   1.4508e-04   1.4232e-04   1.4232e-04   1.4064e-04
   1.4064e-04   1.4045e-04   1.3733e-04   1.3733e-04   1.3629e-04
   1.3629e-04   1.3486e-04   1.3486e-04   1.3358e-04   1.3358e-04
   1.3187e-04   1.3187e-04   1.2995e-04   1.2995e-04   1.2994e-04
   1.2994e-04   1.2748e-04   1.2748e-04   1.2735e-04   1.2735e-04
   1.2685e-04   1.2685e-04   1.2651e-04   1.2651e-04   1.2446e-04
   1.2446e-04   1.2300e-04   1.2300e-04   1.2049e-04   1.2049e-04
   1.1859e-04   1.1859e-04   1.1639e-04   1.1639e-04   1.1606e-04
   1.1606e-04   1.0846e-04   1.0846e-04   1.0738e-04   1.0738e-04
   1.0622e-04   1.0622e-04   1.0427e-04   1.0427e-04   1.0381e-04
   1.0362e-04   1.0362e-04   1.0324e-04   1.0324e-04   1.0302e-04
   1.0302e-04   1.0225e-04   9.8796e-05   9.8079e-05   9.8079e-05
   9.7146e-05   9.7146e-05   9.5596e-05   9.5596e-05   9.4152e-05
   9.4152e-05   9.3577e-05   9.3577e-05   9.2271e-05   9.2271e-05
   9.1585e-05   9.1585e-05   9.0525e-05   9.0525e-05   8.9532e-05
   8.7848e-05   8.7848e-05   8.3046e-05   8.3046e-05   8.1744e-05
   8.1744e-05   8.1674e-05   8.1674e-05   8.1082e-05   8.1082e-05
   8.0966e-05   8.0966e-05   8.0053e-05   8.0053e-05   7.8888e-05
   7.8888e-05   7.7919e-05   7.7919e-05   7.7051e-05   7.7051e-05
   7.5909e-05   7.5909e-05   7.4513e-05   7.4444e-05   7.4444e-05
   7.4168e-05   7.4168e-05   7.4058e-05   7.4058e-05   7.3523e-05
   7.3523e-05   7.3374e-05   7.3374e-05   7.3217e-05   7.3217e-05
   7.2520e-05   7.2520e-05   7.1109e-05   7.1109e-05   7.0752e-05
   7.0752e-05   7.0289e-05   6.9635e-05   6.9635e-05   6.8329e-05
   6.8329e-05   6.7229e-05   6.7229e-05   6.5853e-05   6.5853e-05
   6.3882e-05   6.3882e-05   6.2371e-05   6.2371e-05   6.2290e-05
   6.0550e-05   6.0550e-05   6.0438e-05   6.0438e-05   5.9891e-05
   5.9891e-05   5.8687e-05   5.8110e-05   5.7218e-05   5.7218e-05
   5.6951e-05   5.6951e-05   5.6261e-05   5.6261e-05   5.5167e-05
   5.5167e-05   5.3380e-05   5.3380e-05   5.2863e-05   5.2863e-05
   5.2511e-05   5.2511e-05   5.2323e-05   5.2105e-05   5.2105e-05
   5.1167e-05   5.0588e-05   4.9034e-05   4.9034e-05   4.7433e-05
   4.7433e-05   4.4426e-05   4.4426e-05   4.4398e-05   4.4398e-05
   4.3950e-05   4.3950e-05   4.3421e-05   4.3421e-05   4.1962e-05
   4.1962e-05   4.1690e-05   4.1690e-05   4.0857e-05   4.0857e-05
   3.8891e-05   3.8891e-05   3.7658e-05   3.7658e-05   3.6136e-05
   3.6136e-05   3.5450e-05   3.5450e-05   3.4205e-05   3.4205e-05
   3.3327e-05   3.3327e-05   3.2368e-05   3.2368e-05   2.9851e-05
   2.9851e-05   2.9538e-05   2.9538e-05   2.7690e-05   2.7015e-05
   2.7015e-05   2.6723e-05   2.5659e-05   2.5659e-05   2.4429e-05
   2.4429e-05   2.2548e-05   2.2548e-05   2.1301e-05   2.0361e-05
   2.0361e-05   2.0167e-05   2.0167e-05   1.8702e-05   1.8413e-05
   1.8413e-05   1.8313e-05   1.8313e-05   1.7903e-05   1.7345e-05
   1.7345e-05   1.6664e-05   1.6329e-05   1.5912e-05   1.5912e-05
   1.5310e-05   1.5195e-05   1.5195e-05   1.3320e-05   1.0815e-05
   1.0815e-05   1.0032e-05   8.3633e-06   8.3633e-06   8.3012e-06
   8.3012e-06   7.4909e-06   7.4909e-06   5.6884e-06   5.6759e-06
   5.5005e-06   3.8532e-06   2.0831e-06   2.0831e-06   1.5313e-06
   1.0290e-06   7.0850e-07   1.4727e-14   1.4514e-14   9.3968e-15
   2.6793e-15   2.3998e-15   1.7390e-15   1.5003e-15   1.2132e-15
   9.0373e-16   7.7138e-16   5.9097e-16   5.6814e-16   4.5611e-16
   4.0398e-16   3.9660e-16   3.7232e-16   2.4454e-16   2.2935e-16
   2.2525e-16   2.1877e-16   2.1537e-16   2.0126e-16   1.8924e-16
   1.7101e-16   1.3320e-16   6.5802e-17   5.3587e-17   5.0091e-17]
