INFO:root:----------EigenVector--------
INFO:root:[  7.6650e-02   7.6650e-02   7.6566e-02   7.6566e-02   7.3948e-02
   7.3085e-02   7.2355e-02   7.1192e-02   7.1192e-02   7.0646e-02
   7.0646e-02   7.0106e-02   7.0106e-02   6.8579e-02   6.7672e-02
   6.7672e-02   6.6878e-02   6.6878e-02   6.5385e-02   6.5385e-02
   6.5381e-02   6.5381e-02   6.5333e-02   6.5333e-02   6.4639e-02
   6.4639e-02   6.4492e-02   6.4492e-02   6.3330e-02   6.3330e-02
   6.2904e-02   6.2743e-02   6.2743e-02   6.1746e-02   6.1746e-02
   6.1347e-02   6.1347e-02   6.1346e-02   6.1346e-02   5.9674e-02
   5.9674e-02   5.9383e-02   5.9098e-02   5.8912e-02   5.8912e-02
   5.8880e-02   5.8880e-02   5.7874e-02   5.7874e-02   5.7444e-02
   5.7444e-02   5.6920e-02   5.6920e-02   5.6414e-02   5.6414e-02
   5.6137e-02   5.6137e-02   5.6034e-02   5.5940e-02   5.5940e-02
   5.5823e-02   5.5823e-02   5.5735e-02   5.5735e-02   5.5630e-02
   5.5630e-02   5.5576e-02   5.5576e-02   5.5207e-02   5.5207e-02
   5.5169e-02   5.5169e-02   5.4825e-02   5.4825e-02   5.4709e-02
   5.4709e-02   5.4603e-02   5.4603e-02   5.4400e-02   5.4400e-02
   5.4292e-02   5.4292e-02   5.4199e-02   5.4179e-02   5.4179e-02
   5.3610e-02   5.3610e-02   5.3394e-02   5.3282e-02   5.3282e-02
   5.2996e-02   5.2996e-02   5.2702e-02   5.2702e-02   5.2665e-02
   5.2665e-02   5.2432e-02   5.2432e-02   5.2321e-02   5.2321e-02
   5.2286e-02   5.2286e-02   5.1890e-02   5.1890e-02   5.1649e-02
   5.1649e-02   5.1347e-02   5.1347e-02   5.1343e-02   5.1343e-02
   5.1215e-02   5.1215e-02   5.1209e-02   5.1209e-02   5.0551e-02
   5.0551e-02   5.0469e-02   5.0469e-02   5.0440e-02   5.0440e-02
   5.0341e-02   5.0341e-02   5.0271e-02   5.0271e-02   5.0189e-02
   5.0189e-02   5.0146e-02   4.9765e-02   4.9765e-02   4.9717e-02
   4.9717e-02   4.9594e-02   4.9594e-02   4.9530e-02   4.9530e-02
   4.9309e-02   4.9309e-02   4.9203e-02   4.9203e-02   4.9023e-02
   4.9023e-02   4.9022e-02   4.9022e-02   4.8895e-02   4.8895e-02
   4.8773e-02   4.8773e-02   4.8608e-02   4.8585e-02   4.8585e-02
   4.8460e-02   4.8460e-02   4.8420e-02   4.8420e-02   4.8415e-02
   4.8415e-02   4.8228e-02   4.8228e-02   4.8178e-02   4.8178e-02
   4.7963e-02   4.7963e-02   4.7716e-02   4.7716e-02   4.7011e-02
   4.7011e-02   4.6909e-02   4.6909e-02   4.6500e-02   4.6500e-02
   4.6212e-02   4.6212e-02   4.6189e-02   4.6189e-02   4.6165e-02
   4.6165e-02   4.5938e-02   4.5938e-02   4.5919e-02   4.5919e-02
   4.5909e-02   4.5909e-02   4.5908e-02   4.5908e-02   4.5651e-02
   4.5651e-02   4.5580e-02   4.5580e-02   4.5316e-02   4.5316e-02
   4.5255e-02   4.5255e-02   4.5198e-02   4.5198e-02   4.5003e-02
   4.5003e-02   4.4843e-02   4.4843e-02   4.4829e-02   4.4829e-02
   4.4818e-02   4.4818e-02   4.4677e-02   4.4677e-02   4.4666e-02
   4.4666e-02   4.4662e-02   4.4662e-02   4.4316e-02   4.4316e-02
   4.4233e-02   4.4233e-02   4.4167e-02   4.4167e-02   4.4161e-02
   4.4161e-02   4.4116e-02   4.4116e-02   4.4082e-02   4.4082e-02
   4.3974e-02   4.3974e-02   4.3925e-02   4.3925e-02   4.3790e-02
   4.3790e-02   4.3697e-02   4.3697e-02   4.3671e-02   4.3671e-02
   4.3272e-02   4.3272e-02   4.3269e-02   4.3269e-02   4.3236e-02
   4.3236e-02   4.3147e-02   4.3147e-02   4.3092e-02   4.3092e-02
   4.2993e-02   4.2993e-02   4.2908e-02   4.2908e-02   4.2882e-02
   4.2882e-02   4.2768e-02   4.2768e-02   4.2644e-02   4.2644e-02
   4.2591e-02   4.2591e-02   4.2538e-02   4.2538e-02   4.2493e-02
   4.2493e-02   4.2352e-02   4.2352e-02   4.2334e-02   4.2334e-02
   4.2276e-02   4.2276e-02   4.2101e-02   4.2101e-02   4.2002e-02
   4.2002e-02   4.1912e-02   4.1912e-02   4.1888e-02   4.1888e-02
   4.1852e-02   4.1852e-02   4.1799e-02   4.1799e-02   4.1733e-02
   4.1733e-02   4.1716e-02   4.1716e-02   4.1604e-02   4.1604e-02
   4.1514e-02   4.1514e-02   4.1509e-02   4.1509e-02   4.1508e-02
   4.1508e-02   4.1201e-02   4.1201e-02   4.1143e-02   4.1143e-02
   4.1143e-02   4.1143e-02   4.0978e-02   4.0875e-02   4.0830e-02
   4.0802e-02   4.0802e-02   4.0706e-02   4.0706e-02   4.0638e-02
   4.0638e-02   4.0538e-02   4.0538e-02   4.0476e-02   4.0476e-02
   4.0408e-02   4.0408e-02   4.0387e-02   4.0387e-02   4.0379e-02
   4.0379e-02   4.0303e-02   4.0303e-02   4.0108e-02   4.0084e-02
   4.0084e-02   4.0082e-02   4.0082e-02   4.0063e-02   4.0063e-02
   4.0060e-02   4.0060e-02   4.0049e-02   4.0049e-02   3.9885e-02
   3.9885e-02   3.9674e-02   3.9674e-02   3.9631e-02   3.9631e-02
   3.9616e-02   3.9616e-02   3.9567e-02   3.9567e-02   3.9555e-02
   3.9555e-02   3.9371e-02   3.9371e-02   3.9359e-02   3.9359e-02
   3.9301e-02   3.9301e-02   3.9232e-02   3.9232e-02   3.9164e-02
   3.9164e-02   3.9065e-02   3.9065e-02   3.9009e-02   3.9009e-02
   3.8848e-02   3.8795e-02   3.8795e-02   3.8657e-02   3.8657e-02
   3.8551e-02   3.8551e-02   3.8463e-02   3.8463e-02   3.8431e-02
   3.8431e-02   3.8412e-02   3.8412e-02   3.8306e-02   3.8247e-02
   3.8247e-02   3.8241e-02   3.8241e-02   3.8190e-02   3.8190e-02
   3.8082e-02   3.8082e-02   3.7962e-02   3.7962e-02   3.7909e-02
   3.7909e-02   3.7892e-02   3.7892e-02   3.7891e-02   3.7891e-02
   3.7834e-02   3.7834e-02   3.7743e-02   3.7743e-02   3.7654e-02
   3.7654e-02   3.7616e-02   3.7616e-02   3.7612e-02   3.7586e-02
   3.7586e-02   3.7401e-02   3.7401e-02   3.7345e-02   3.7345e-02
   3.7286e-02   3.7286e-02   3.7280e-02   3.7245e-02   3.7245e-02
   3.7096e-02   3.7096e-02   3.7036e-02   3.7036e-02   3.6993e-02
   3.6993e-02   3.6808e-02   3.6808e-02   3.6789e-02   3.6789e-02
   3.6737e-02   3.6737e-02   3.6716e-02   3.6716e-02   3.6564e-02
   3.6564e-02   3.6451e-02   3.6451e-02   3.6410e-02   3.6410e-02
   3.6293e-02   3.6293e-02   3.6257e-02   3.6257e-02   3.6173e-02
   3.6173e-02   3.6111e-02   3.6111e-02   3.6108e-02   3.6108e-02
   3.6066e-02   3.6066e-02   3.6059e-02   3.6059e-02   3.6038e-02
   3.6038e-02   3.6029e-02   3.6029e-02   3.5983e-02   3.5983e-02
   3.5958e-02   3.5958e-02   3.5906e-02   3.5906e-02   3.5843e-02
   3.5843e-02   3.5830e-02   3.5830e-02   3.5804e-02   3.5804e-02
   3.5803e-02   3.5803e-02   3.5782e-02   3.5782e-02   3.5760e-02
   3.5760e-02   3.5704e-02   3.5690e-02   3.5690e-02   3.5655e-02
   3.5522e-02   3.5522e-02   3.5389e-02   3.5389e-02   3.5370e-02
   3.5370e-02   3.5325e-02   3.5325e-02   3.5260e-02   3.5260e-02
   3.5210e-02   3.5210e-02   3.5206e-02   3.5206e-02   3.5118e-02
   3.5118e-02   3.4937e-02   3.4937e-02   3.4929e-02   3.4929e-02
   3.4907e-02   3.4907e-02   3.4896e-02   3.4896e-02   3.4892e-02
   3.4811e-02   3.4811e-02   3.4781e-02   3.4781e-02   3.4699e-02
   3.4699e-02   3.4644e-02   3.4644e-02   3.4583e-02   3.4583e-02
   3.4581e-02   3.4581e-02   3.4498e-02   3.4498e-02   3.4456e-02 ...,
   8.1443e-08   5.6306e-08   2.0178e-08   4.8557e-10   1.5683e-12
   1.0032e-12   7.1869e-13   6.7534e-14   5.1378e-14   3.9914e-14
   3.8381e-14   2.7746e-14   2.6665e-14   2.5867e-14   2.4614e-14
   2.3704e-14   2.2679e-14   2.1456e-14   2.0064e-14   2.0060e-14
   1.9959e-14   1.9242e-14   1.8185e-14   1.7248e-14   1.6277e-14
   1.5969e-14   1.5365e-14   1.5084e-14   1.5015e-14   1.4807e-14
   1.2575e-14   1.2282e-14   1.1485e-14   1.1343e-14   1.1330e-14
   1.1153e-14   1.1070e-14   1.0912e-14   1.0608e-14   1.0455e-14
   9.9251e-15   9.6097e-15   9.5046e-15   9.3290e-15   8.6117e-15
   8.5713e-15   8.5539e-15   8.5219e-15   8.4316e-15   8.4059e-15
   8.3151e-15   8.2828e-15   8.0580e-15   7.6754e-15   7.2497e-15
   7.1698e-15   7.1312e-15   7.1030e-15   7.0396e-15   6.9681e-15
   6.8207e-15   6.6153e-15   6.5583e-15   6.5539e-15   6.4675e-15
   6.4653e-15   6.4384e-15   6.4373e-15   6.3559e-15   6.3408e-15
   6.3004e-15   6.2990e-15   5.9990e-15   5.8806e-15   5.8192e-15
   5.7726e-15   5.7375e-15   5.7071e-15   5.6926e-15   5.6664e-15
   5.5402e-15   5.5200e-15   5.4671e-15   5.4346e-15   5.3532e-15
   5.3320e-15   5.2615e-15   5.2408e-15   5.1504e-15   5.1159e-15
   5.1081e-15   5.0781e-15   4.9499e-15   4.9466e-15   4.9449e-15
   4.9212e-15   4.8532e-15   4.7719e-15   4.7535e-15   4.6562e-15
   4.6472e-15   4.6013e-15   4.5965e-15   4.4748e-15   4.4650e-15
   4.3858e-15   4.3817e-15   4.3463e-15   4.3397e-15   4.3173e-15
   4.2945e-15   4.2828e-15   4.2496e-15   4.2166e-15   4.1852e-15
   4.1733e-15   4.1359e-15   4.0561e-15   4.0139e-15   3.9847e-15
   3.9722e-15   3.8550e-15   3.8505e-15   3.7652e-15   3.7127e-15
   3.6930e-15   3.6567e-15   3.6153e-15   3.6112e-15   3.5300e-15
   3.5218e-15   3.4614e-15   3.4316e-15   3.4114e-15   3.2468e-15
   3.2429e-15   3.2385e-15   3.2002e-15   3.1910e-15   3.1880e-15
   3.1826e-15   3.1517e-15   3.1465e-15   3.1152e-15   3.1117e-15
   3.0951e-15   3.0140e-15   3.0111e-15   3.0105e-15   3.0050e-15
   2.9904e-15   2.9808e-15   2.9759e-15   2.9577e-15   2.9339e-15
   2.9209e-15   2.9165e-15   2.8952e-15   2.8477e-15   2.8406e-15
   2.7384e-15   2.7038e-15   2.6924e-15   2.6848e-15   2.6363e-15
   2.6315e-15   2.6313e-15   2.6167e-15   2.5744e-15   2.5537e-15
   2.5447e-15   2.4813e-15   2.4782e-15   2.4587e-15   2.4161e-15
   2.4121e-15   2.4115e-15   2.3995e-15   2.3920e-15   2.3615e-15
   2.3511e-15   2.3070e-15   2.2630e-15   2.2560e-15   2.2384e-15
   2.2289e-15   2.1962e-15   2.1883e-15   2.1711e-15   2.1688e-15
   2.1640e-15   2.1257e-15   2.1152e-15   2.0948e-15   2.0807e-15
   2.0634e-15   2.0496e-15   2.0492e-15   2.0388e-15   1.9959e-15
   1.9742e-15   1.9706e-15   1.9700e-15   1.9676e-15   1.9640e-15
   1.9632e-15   1.9267e-15   1.9179e-15   1.9148e-15   1.8890e-15
   1.8887e-15   1.8843e-15   1.8644e-15   1.8617e-15   1.8600e-15
   1.8515e-15   1.8462e-15   1.8121e-15   1.7905e-15   1.7717e-15
   1.7443e-15   1.7437e-15   1.7284e-15   1.7162e-15   1.6985e-15
   1.6973e-15   1.6967e-15   1.6777e-15   1.6449e-15   1.6048e-15
   1.5661e-15   1.5512e-15   1.5478e-15   1.5446e-15   1.5412e-15
   1.5351e-15   1.5342e-15   1.5335e-15   1.5270e-15   1.5086e-15
   1.5080e-15   1.5028e-15   1.4976e-15   1.4745e-15   1.4647e-15
   1.4642e-15   1.4618e-15   1.4579e-15   1.4468e-15   1.4361e-15
   1.4252e-15   1.4247e-15   1.4213e-15   1.4137e-15   1.4042e-15
   1.4019e-15   1.4003e-15   1.4001e-15   1.3987e-15   1.3973e-15
   1.3969e-15   1.3925e-15   1.3874e-15   1.3820e-15   1.3798e-15
   1.3781e-15   1.3771e-15   1.3750e-15   1.3708e-15   1.3473e-15
   1.3386e-15   1.3271e-15   1.3261e-15   1.3215e-15   1.2972e-15
   1.2948e-15   1.2878e-15   1.2861e-15   1.2721e-15   1.2645e-15
   1.2624e-15   1.2575e-15   1.2575e-15   1.2386e-15   1.2336e-15
   1.2266e-15   1.2178e-15   1.2159e-15   1.2032e-15   1.1918e-15
   1.1802e-15   1.1716e-15   1.1704e-15   1.1589e-15   1.1468e-15
   1.1447e-15   1.1373e-15   1.1364e-15   1.1233e-15   1.1230e-15
   1.1183e-15   1.1151e-15   1.1145e-15   1.0925e-15   1.0808e-15
   1.0787e-15   1.0698e-15   1.0618e-15   1.0575e-15   1.0537e-15
   1.0476e-15   1.0407e-15   1.0379e-15   1.0237e-15   1.0100e-15
   9.8959e-16   9.8829e-16   9.8665e-16   9.7581e-16   9.6771e-16
   9.6756e-16   9.6421e-16   9.5507e-16   9.5367e-16   9.5182e-16
   9.3648e-16   9.1791e-16   9.1251e-16   9.0839e-16   9.0423e-16
   9.0301e-16   8.9170e-16   8.6329e-16   8.5811e-16   8.5710e-16
   8.5245e-16   8.4534e-16   8.4154e-16   8.4088e-16   8.4073e-16
   8.4031e-16   8.3509e-16   8.2680e-16   8.2443e-16   8.2326e-16
   8.2258e-16   8.2192e-16   8.1461e-16   8.1276e-16   8.0895e-16
   7.9313e-16   7.8254e-16   7.8231e-16   7.6837e-16   7.6116e-16
   7.6070e-16   7.5994e-16   7.5098e-16   7.3569e-16   7.3558e-16
   7.2909e-16   7.2726e-16   7.2264e-16   7.2183e-16   7.2063e-16
   7.2039e-16   7.1624e-16   7.1484e-16   6.9878e-16   6.9779e-16
   6.9238e-16   6.9156e-16   6.8951e-16   6.6682e-16   6.6657e-16
   6.4514e-16   6.3182e-16   6.2173e-16   6.1956e-16   6.1638e-16
   6.0683e-16   5.9024e-16   5.6804e-16   5.5908e-16   5.5794e-16
   5.5283e-16   5.5158e-16   5.4996e-16   5.4790e-16   5.3450e-16
   5.3440e-16   5.3099e-16   5.2411e-16   5.2036e-16   5.1571e-16
   5.1126e-16   4.9116e-16   4.8623e-16   4.8604e-16   4.8525e-16
   4.8303e-16   4.6119e-16   4.5825e-16   4.5089e-16   4.4994e-16
   4.4955e-16   4.4794e-16   4.4663e-16   4.3924e-16   4.3378e-16
   4.2906e-16   4.2388e-16   4.2255e-16   4.2056e-16   4.0589e-16
   3.9815e-16   3.9782e-16   3.9567e-16   3.9213e-16   3.8586e-16
   3.8229e-16   3.7658e-16   3.6770e-16   3.6756e-16   3.5317e-16
   3.4489e-16   3.4315e-16   3.3319e-16   3.3097e-16   3.2425e-16
   3.1177e-16   3.0851e-16   3.0401e-16   3.0251e-16   2.9003e-16
   2.8874e-16   2.8834e-16   2.8548e-16   2.7711e-16   2.7282e-16
   2.6026e-16   2.5214e-16   2.4652e-16   2.3896e-16   2.3543e-16
   2.3542e-16   2.3527e-16   2.2716e-16   2.2701e-16   2.1126e-16
   2.0866e-16   2.0478e-16   2.0316e-16   1.9868e-16   1.9686e-16
   1.9318e-16   1.9080e-16   1.8890e-16   1.8429e-16   1.7951e-16
   1.7898e-16   1.7892e-16   1.7345e-16   1.7069e-16   1.6720e-16
   1.5615e-16   1.4869e-16   1.4460e-16   1.3513e-16   1.2839e-16
   1.2739e-16   1.2364e-16   1.1808e-16   1.1190e-16   1.0656e-16
   1.0594e-16   1.0156e-16   9.3151e-17   9.1263e-17   8.8790e-17
   7.9709e-17   7.4008e-17   7.1026e-17   7.0134e-17   5.8760e-17
   5.1628e-17   4.6051e-17   4.3786e-17   4.2721e-17   3.6794e-17
   3.6390e-17   3.4244e-17   3.0934e-17   2.9118e-17   2.8253e-17
   2.7893e-17   2.3845e-17   1.8736e-17   7.8337e-18   4.8231e-18]
